#
# There is insufficient memory for the Java Runtime Environment to continue.
# Native memory allocation (malloc) failed to allocate 586800 bytes. Error detail: Chunk::new
# Possible reasons:
#   The system is out of physical RAM or swap space
#   This process is running with CompressedOops enabled, and the Java Heap may be blocking the growth of the native heap
# Possible solutions:
#   Reduce memory load on the system
#   Increase physical memory or swap space
#   Check if swap backing store is full
#   Decrease Java heap size (-Xmx/-Xms)
#   Decrease number of Java threads
#   Decrease Java thread stack sizes (-Xss)
#   Set larger code cache with -XX:ReservedCodeCacheSize=
#   JVM is running with Unscaled Compressed Oops mode in which the Java heap is
#     placed in the first 4GB address space. The Java Heap base address is the
#     maximum limit for the native heap growth. Please use -XX:HeapBaseMinAddress
#     to set the Java Heap base and to place the Java Heap above 4GB virtual address.
# This output file may be truncated or incomplete.
#
#  Out of Memory Error (arena.cpp:191), pid=21184, tid=2200
#
# JRE version: OpenJDK Runtime Environment Temurin-17.0.12+7 (17.0.12+7) (build 17.0.12+7)
# Java VM: OpenJDK 64-Bit Server VM Temurin-17.0.12+7 (17.0.12+7, mixed mode, tiered, compressed oops, compressed class ptrs, parallel gc, windows-amd64)
# No core dump will be written. Minidumps are not enabled by default on client versions of Windows
#

---------------  S U M M A R Y ------------

Command Line: --add-modules=ALL-SYSTEM --add-opens=java.base/java.util=ALL-UNNAMED --add-opens=java.base/java.lang=ALL-UNNAMED --add-opens=java.base/sun.nio.fs=ALL-UNNAMED -Declipse.application=org.eclipse.jdt.ls.core.id1 -Dosgi.bundles.defaultStartLevel=4 -Declipse.product=org.eclipse.jdt.ls.core.product -Djava.import.generatesMetadataFilesAtProjectRoot=false -DDetectVMInstallationsJob.disabled=true -Dfile.encoding=utf8 -XX:+UseParallelGC -XX:GCTimeRatio=4 -XX:AdaptiveSizePolicyWeight=90 -Dsun.zip.disableMemoryMapping=true -Xmx1G -Xms100m -Xlog:disable -javaagent:c:\Users\u-mdp\.vscode\extensions\redhat.java-1.35.0-win32-x64\lombok\lombok-1.18.33.jar -XX:+HeapDumpOnOutOfMemoryError -XX:HeapDumpPath=c:\Users\u-mdp\AppData\Roaming\Code\User\workspaceStorage\2d7e5db4128b44857ea5253ec642e61d\redhat.java -Daether.dependencyCollector.impl=bf c:\Users\u-mdp\.vscode\extensions\redhat.java-1.35.0-win32-x64\server\plugins\org.eclipse.equinox.launcher_1.6.900.v20240613-2009.jar -configuration c:\Users\u-mdp\AppData\Roaming\Code\User\globalStorage\redhat.java\1.35.0\config_win -data c:\Users\u-mdp\AppData\Roaming\Code\User\workspaceStorage\2d7e5db4128b44857ea5253ec642e61d\redhat.java\jdt_ws --pipe=\\.\pipe\lsp-60e2fd53b61a3b7c782a1dd49fa8066a-sock

Host: 11th Gen Intel(R) Core(TM) i5-11400F @ 2.60GHz, 12 cores, 15G,  Windows 11 , 64 bit Build 22621 (10.0.22621.3958)
Time: Sat Sep 28 10:25:45 2024 SE Asia Standard Time elapsed time: 9.193244 seconds (0d 0h 0m 9s)

---------------  T H R E A D  ---------------

Current thread (0x00000297a886bbe0):  JavaThread "C2 CompilerThread1" daemon [_thread_in_native, id=2200, stack(0x000000eed5c00000,0x000000eed5d00000)]


Current CompileTask:
C2:   9193 1934       4       org.apache.felix.resolver.ResolverImpl::mergeCandidatePackage (68 bytes)

Stack: [0x000000eed5c00000,0x000000eed5d00000]
Native frames: (J=compiled Java code, j=interpreted, Vv=VM code, C=native code)
V  [jvm.dll+0x67f929]
V  [jvm.dll+0x8371ba]
V  [jvm.dll+0x838c7e]
V  [jvm.dll+0x8392e3]
V  [jvm.dll+0x24834f]
V  [jvm.dll+0xac9d4]
V  [jvm.dll+0xad01c]
V  [jvm.dll+0x3674a7]
V  [jvm.dll+0x33197a]
V  [jvm.dll+0x330e1a]
V  [jvm.dll+0x21a8b1]
V  [jvm.dll+0x219cf1]
V  [jvm.dll+0x1a58bd]
V  [jvm.dll+0x229a2d]
V  [jvm.dll+0x227bdc]
V  [jvm.dll+0x7ec1f7]
V  [jvm.dll+0x7e65dc]
V  [jvm.dll+0x67e7f7]
C  [ucrtbase.dll+0x29333]
C  [KERNEL32.DLL+0x1257d]
C  [ntdll.dll+0x5af28]


---------------  P R O C E S S  ---------------

Threads class SMR info:
_java_thread_list=0x00000297a7d46880, length=30, elements={
0x000002978d3e2740, 0x00000297a1268020, 0x00000297a1268be0, 0x00000297a63da330,
0x00000297a63dae00, 0x00000297a63db9c0, 0x00000297a63de390, 0x00000297a63e0070,
0x00000297a63f8ee0, 0x00000297a6414a90, 0x00000297a64e3e80, 0x00000297a7b608a0,
0x00000297a83bc050, 0x00000297a83bc530, 0x00000297a83bcd70, 0x00000297a848f020,
0x00000297a823f0a0, 0x00000297a823fda0, 0x00000297a83b3ed0, 0x00000297a83b39c0,
0x00000297a83b43e0, 0x00000297a83b34b0, 0x00000297a83b2580, 0x00000297a83b48f0,
0x00000297a83b5310, 0x00000297a83b2a90, 0x00000297a83b4e00, 0x00000297a83b2fa0,
0x00000297a886bbe0, 0x00000297a875b520
}

Java Threads: ( => current thread )
  0x000002978d3e2740 JavaThread "main" [_thread_blocked, id=8268, stack(0x000000eed3f00000,0x000000eed4000000)]
  0x00000297a1268020 JavaThread "Reference Handler" daemon [_thread_blocked, id=360, stack(0x000000eed4200000,0x000000eed4300000)]
  0x00000297a1268be0 JavaThread "Finalizer" daemon [_thread_blocked, id=18948, stack(0x000000eed4300000,0x000000eed4400000)]
  0x00000297a63da330 JavaThread "Signal Dispatcher" daemon [_thread_blocked, id=13008, stack(0x000000eed4400000,0x000000eed4500000)]
  0x00000297a63dae00 JavaThread "Attach Listener" daemon [_thread_blocked, id=9448, stack(0x000000eed4500000,0x000000eed4600000)]
  0x00000297a63db9c0 JavaThread "Service Thread" daemon [_thread_blocked, id=6552, stack(0x000000eed4600000,0x000000eed4700000)]
  0x00000297a63de390 JavaThread "Monitor Deflation Thread" daemon [_thread_blocked, id=6980, stack(0x000000eed4700000,0x000000eed4800000)]
  0x00000297a63e0070 JavaThread "C2 CompilerThread0" daemon [_thread_in_vm, id=14388, stack(0x000000eed4800000,0x000000eed4900000)]
  0x00000297a63f8ee0 JavaThread "C1 CompilerThread0" daemon [_thread_blocked, id=5464, stack(0x000000eed4900000,0x000000eed4a00000)]
  0x00000297a6414a90 JavaThread "Sweeper thread" daemon [_thread_blocked, id=1384, stack(0x000000eed4a00000,0x000000eed4b00000)]
  0x00000297a64e3e80 JavaThread "Common-Cleaner" daemon [_thread_blocked, id=6284, stack(0x000000eed4b00000,0x000000eed4c00000)]
  0x00000297a7b608a0 JavaThread "Notification Thread" daemon [_thread_blocked, id=18616, stack(0x000000eed4c00000,0x000000eed4d00000)]
  0x00000297a83bc050 JavaThread "Equinox resolver thread - Equinox Container: 663f36a2-cca8-4ee7-b02c-9029496e1890" daemon [_thread_blocked, id=5140, stack(0x000000eed5400000,0x000000eed5500000)]
  0x00000297a83bc530 JavaThread "Equinox resolver thread - Equinox Container: 663f36a2-cca8-4ee7-b02c-9029496e1890" daemon [_thread_in_vm, id=2840, stack(0x000000eed5500000,0x000000eed5600000)]
  0x00000297a83bcd70 JavaThread "Equinox resolver thread - Equinox Container: 663f36a2-cca8-4ee7-b02c-9029496e1890" daemon [_thread_blocked, id=21036, stack(0x000000eed5600000,0x000000eed5700000)]
  0x00000297a848f020 JavaThread "Equinox resolver thread - Equinox Container: 663f36a2-cca8-4ee7-b02c-9029496e1890" daemon [_thread_blocked, id=18600, stack(0x000000eed5700000,0x000000eed5800000)]
  0x00000297a823f0a0 JavaThread "Equinox resolver thread - Equinox Container: 663f36a2-cca8-4ee7-b02c-9029496e1890" daemon [_thread_in_Java, id=8472, stack(0x000000eed5800000,0x000000eed5900000)]
  0x00000297a823fda0 JavaThread "Equinox resolver thread - Equinox Container: 663f36a2-cca8-4ee7-b02c-9029496e1890" daemon [_thread_blocked, id=15100, stack(0x000000eed5900000,0x000000eed5a00000)]
  0x00000297a83b3ed0 JavaThread "Active Thread: Equinox Container: 663f36a2-cca8-4ee7-b02c-9029496e1890" [_thread_blocked, id=22116, stack(0x000000eed5a00000,0x000000eed5b00000)]
  0x00000297a83b39c0 JavaThread "Framework Event Dispatcher: Equinox Container: 663f36a2-cca8-4ee7-b02c-9029496e1890" daemon [_thread_blocked, id=6696, stack(0x000000eed5300000,0x000000eed5400000)]
  0x00000297a83b43e0 JavaThread "Start Level: Equinox Container: 663f36a2-cca8-4ee7-b02c-9029496e1890" daemon [_thread_blocked, id=20176, stack(0x000000eed5b00000,0x000000eed5c00000)]
  0x00000297a83b34b0 JavaThread "Refresh Thread: Equinox Container: 663f36a2-cca8-4ee7-b02c-9029496e1890" daemon [_thread_blocked, id=4600, stack(0x000000eed6000000,0x000000eed6100000)]
  0x00000297a83b2580 JavaThread "Equinox resolver thread - Equinox Container: 663f36a2-cca8-4ee7-b02c-9029496e1890" daemon [_thread_blocked, id=19088, stack(0x000000eed5d00000,0x000000eed5e00000)]
  0x00000297a83b48f0 JavaThread "Equinox resolver thread - Equinox Container: 663f36a2-cca8-4ee7-b02c-9029496e1890" daemon [_thread_blocked, id=10200, stack(0x000000eed6100000,0x000000eed6200000)]
  0x00000297a83b5310 JavaThread "Equinox resolver thread - Equinox Container: 663f36a2-cca8-4ee7-b02c-9029496e1890" daemon [_thread_blocked, id=12864, stack(0x000000eed6200000,0x000000eed6300000)]
  0x00000297a83b2a90 JavaThread "Equinox resolver thread - Equinox Container: 663f36a2-cca8-4ee7-b02c-9029496e1890" daemon [_thread_blocked, id=19956, stack(0x000000eed6300000,0x000000eed6400000)]
  0x00000297a83b4e00 JavaThread "Equinox resolver thread - Equinox Container: 663f36a2-cca8-4ee7-b02c-9029496e1890" daemon [_thread_in_vm, id=9868, stack(0x000000eed6400000,0x000000eed6500000)]
  0x00000297a83b2fa0 JavaThread "Equinox resolver thread - Equinox Container: 663f36a2-cca8-4ee7-b02c-9029496e1890" daemon [_thread_in_vm, id=20552, stack(0x000000eed6500000,0x000000eed6600000)]
=>0x00000297a886bbe0 JavaThread "C2 CompilerThread1" daemon [_thread_in_native, id=2200, stack(0x000000eed5c00000,0x000000eed5d00000)]
  0x00000297a875b520 JavaThread "C2 CompilerThread2" daemon [_thread_in_native, id=11472, stack(0x000000eed6600000,0x000000eed6700000)]

Other Threads:
  0x000002978d48ec60 VMThread "VM Thread" [stack: 0x000000eed4100000,0x000000eed4200000] [id=9264]
  0x00000297a7b60d80 WatcherThread [stack: 0x000000eed4d00000,0x000000eed4e00000] [id=8124]
  0x000002978d3f94e0 GCTaskThread "GC Thread#0" [stack: 0x000000eed4000000,0x000000eed4100000] [id=12584]
  0x00000297a82e6270 GCTaskThread "GC Thread#1" [stack: 0x000000eed4e00000,0x000000eed4f00000] [id=8240]
  0x00000297a6729200 GCTaskThread "GC Thread#2" [stack: 0x000000eed4f00000,0x000000eed5000000] [id=16120]
  0x00000297a80733d0 GCTaskThread "GC Thread#3" [stack: 0x000000eed5000000,0x000000eed5100000] [id=8184]
  0x00000297a8073690 GCTaskThread "GC Thread#4" [stack: 0x000000eed5100000,0x000000eed5200000] [id=21552]
  0x00000297a8073950 GCTaskThread "GC Thread#5" [stack: 0x000000eed5200000,0x000000eed5300000] [id=12136]
  0x00000297a82a8d70 GCTaskThread "GC Thread#6" [stack: 0x000000eed5e00000,0x000000eed5f00000] [id=14036]
  0x00000297a851b020 GCTaskThread "GC Thread#7" [stack: 0x000000eed5f00000,0x000000eed6000000] [id=17748]

Threads with active compile tasks:
C2 CompilerThread0     9232 1969       4       org.apache.felix.resolver.ResolverImpl::mergeUses (495 bytes)
C2 CompilerThread1     9232 1934       4       org.apache.felix.resolver.ResolverImpl::mergeCandidatePackage (68 bytes)
C2 CompilerThread2     9232 1971       4       java.util.HashSet::iterator (13 bytes)

VM state: not at safepoint (normal execution)

VM Mutex/Monitor currently owned by a thread: None

Heap address: 0x00000000c0000000, size: 1024 MB, Compressed Oops mode: 32-bit

CDS archive(s) not mapped
Compressed class space mapped at: 0x0000000100000000-0x0000000140000000, reserved size: 1073741824
Narrow klass base: 0x0000000000000000, Narrow klass shift: 3, Narrow klass range: 0x140000000

GC Precious Log:
 CPUs: 12 total, 12 available
 Memory: 16239M
 Large Page Support: Disabled
 NUMA Support: Disabled
 Compressed Oops: Enabled (32-bit)
 Alignments: Space 512K, Generation 512K, Heap 2M
 Heap Min Capacity: 100M
 Heap Initial Capacity: 100M
 Heap Max Capacity: 1G
 Pre-touch: Disabled
 Parallel Workers: 10

Heap:
 PSYoungGen      total 29696K, used 9039K [0x00000000eab00000, 0x00000000ecc00000, 0x0000000100000000)
  eden space 25600K, 19% used [0x00000000eab00000,0x00000000eafd7d78,0x00000000ec400000)
  from space 4096K, 99% used [0x00000000ec400000,0x00000000ec7fbe88,0x00000000ec800000)
  to   space 4096K, 0% used [0x00000000ec800000,0x00000000ec800000,0x00000000ecc00000)
 ParOldGen       total 68608K, used 6687K [0x00000000c0000000, 0x00000000c4300000, 0x00000000eab00000)
  object space 68608K, 9% used [0x00000000c0000000,0x00000000c0687ee0,0x00000000c4300000)
 Metaspace       used 14564K, committed 14784K, reserved 1114112K
  class space    used 1444K, committed 1536K, reserved 1048576K

Card table byte_map: [0x000002978cd90000,0x000002978cfa0000] _byte_map_base: 0x000002978c790000

Marking Bits: (ParMarkBitMap*) 0x00007ffd870c58b0
 Begin Bits: [0x000002979f070000, 0x00000297a0070000)
 End Bits:   [0x00000297a0070000, 0x00000297a1070000)

Polling page: 0x000002978b3d0000

Metaspace:

Usage:
  Non-class:     12.81 MB used.
      Class:      1.41 MB used.
       Both:     14.22 MB used.

Virtual space:
  Non-class space:       64.00 MB reserved,      12.94 MB ( 20%) committed,  1 nodes.
      Class space:        1.00 GB reserved,       1.50 MB ( <1%) committed,  1 nodes.
             Both:        1.06 GB reserved,      14.44 MB (  1%) committed. 

Chunk freelists:
   Non-Class:  2.86 MB
       Class:  14.42 MB
        Both:  17.28 MB

MaxMetaspaceSize: unlimited
CompressedClassSpaceSize: 1.00 GB
Initial GC threshold: 21.00 MB
Current GC threshold: 21.00 MB
CDS: off
MetaspaceReclaimPolicy: balanced
 - commit_granule_bytes: 65536.
 - commit_granule_words: 8192.
 - virtual_space_node_default_size: 8388608.
 - enlarge_chunks_in_place: 1.
 - new_chunks_are_fully_committed: 0.
 - uncommit_free_chunks: 1.
 - use_allocation_guard: 0.
 - handle_deallocations: 1.


Internal statistics:

num_allocs_failed_limit: 0.
num_arena_births: 54.
num_arena_deaths: 0.
num_vsnodes_births: 2.
num_vsnodes_deaths: 0.
num_space_committed: 231.
num_space_uncommitted: 0.
num_chunks_returned_to_freelist: 0.
num_chunks_taken_from_freelist: 237.
num_chunk_merges: 0.
num_chunk_splits: 161.
num_chunks_enlarged: 131.
num_inconsistent_stats: 0.

CodeHeap 'non-profiled nmethods': size=120000Kb used=793Kb max_used=793Kb free=119207Kb
 bounds [0x0000029797b40000, 0x0000029797db0000, 0x000002979f070000]
CodeHeap 'profiled nmethods': size=120000Kb used=3966Kb max_used=3966Kb free=116033Kb
 bounds [0x0000029790070000, 0x0000029790450000, 0x00000297975a0000]
CodeHeap 'non-nmethods': size=5760Kb used=1170Kb max_used=1197Kb free=4589Kb
 bounds [0x00000297975a0000, 0x0000029797810000, 0x0000029797b40000]
 total_blobs=2415 nmethods=1968 adapters=361
 compilation: enabled
              stopped_count=0, restarted_count=0
 full_count=0

Compilation events (20 events):
Event: 9.158 Thread 0x00000297a63f8ee0 1950       3       java.util.AbstractList$Itr::checkForComodification (23 bytes)
Event: 9.158 Thread 0x00000297a63f8ee0 nmethod 1950 0x0000029790438390 code [0x0000029790438540, 0x0000029790438768]
Event: 9.158 Thread 0x00000297a63f8ee0 1951       3       org.eclipse.osgi.internal.container.InternalUtils$CopyOnFirstWriteList::get (11 bytes)
Event: 9.158 Thread 0x00000297a63f8ee0 nmethod 1951 0x0000029790438890 code [0x0000029790438a40, 0x0000029790438c08]
Event: 9.158 Thread 0x00000297a63f8ee0 1946       3       java.util.concurrent.locks.LockSupport::setBlocker (12 bytes)
Event: 9.158 Thread 0x00000297a63f8ee0 nmethod 1946 0x0000029790438d10 code [0x0000029790438ec0, 0x0000029790439028]
Event: 9.158 Thread 0x00000297a63f8ee0 1939       3       java.util.concurrent.FutureTask::<init> (19 bytes)
Event: 9.158 Thread 0x00000297a63f8ee0 nmethod 1939 0x0000029790439110 code [0x00000297904392e0, 0x0000029790439708]
Event: 9.158 Thread 0x00000297a63f8ee0 1940       3       java.util.concurrent.Executors::callable (22 bytes)
Event: 9.158 Thread 0x00000297a63f8ee0 nmethod 1940 0x0000029790439910 code [0x0000029790439ac0, 0x0000029790439de8]
Event: 9.158 Thread 0x00000297a63f8ee0 1941       3       java.util.concurrent.Executors$RunnableAdapter::<init> (15 bytes)
Event: 9.159 Thread 0x00000297a63f8ee0 nmethod 1941 0x0000029790439f10 code [0x000002979043a0a0, 0x000002979043a238]
Event: 9.159 Thread 0x00000297a63f8ee0 1942   !   3       org.eclipse.osgi.internal.container.AtomicLazyInitializer::getInitialized (70 bytes)
Event: 9.159 Thread 0x00000297a63f8ee0 nmethod 1942 0x000002979043a310 code [0x000002979043a500, 0x000002979043aa68]
Event: 9.159 Thread 0x00000297a63f8ee0 1948       3       java.util.concurrent.SynchronousQueue$TransferStack::snode (25 bytes)
Event: 9.159 Thread 0x00000297a63f8ee0 nmethod 1948 0x000002979043ad10 code [0x000002979043aec0, 0x000002979043b158]
Event: 9.159 Thread 0x00000297a63f8ee0 1944       1       org.apache.felix.resolver.WrappedCapability::getAttributes (5 bytes)
Event: 9.159 Thread 0x00000297a63f8ee0 nmethod 1944 0x0000029797c05110 code [0x0000029797c052a0, 0x0000029797c05378]
Event: 9.159 Thread 0x00000297a63f8ee0 1945       1       org.apache.felix.resolver.WrappedCapability::getResource (5 bytes)
Event: 9.159 Thread 0x00000297a63f8ee0 nmethod 1945 0x0000029797c05410 code [0x0000029797c055a0, 0x0000029797c05678]

GC Heap History (6 events):
Event: 1.719 GC heap before
{Heap before GC invocations=1 (full 0):
 PSYoungGen      total 29696K, used 25600K [0x00000000eab00000, 0x00000000ecc00000, 0x0000000100000000)
  eden space 25600K, 100% used [0x00000000eab00000,0x00000000ec400000,0x00000000ec400000)
  from space 4096K, 0% used [0x00000000ec800000,0x00000000ec800000,0x00000000ecc00000)
  to   space 4096K, 0% used [0x00000000ec400000,0x00000000ec400000,0x00000000ec800000)
 ParOldGen       total 68608K, used 0K [0x00000000c0000000, 0x00000000c4300000, 0x00000000eab00000)
  object space 68608K, 0% used [0x00000000c0000000,0x00000000c0000000,0x00000000c4300000)
 Metaspace       used 11028K, committed 11136K, reserved 1114112K
  class space    used 1101K, committed 1152K, reserved 1048576K
}
Event: 1.727 GC heap after
{Heap after GC invocations=1 (full 0):
 PSYoungGen      total 29696K, used 3124K [0x00000000eab00000, 0x00000000ecc00000, 0x0000000100000000)
  eden space 25600K, 0% used [0x00000000eab00000,0x00000000eab00000,0x00000000ec400000)
  from space 4096K, 76% used [0x00000000ec400000,0x00000000ec70d350,0x00000000ec800000)
  to   space 4096K, 0% used [0x00000000ec800000,0x00000000ec800000,0x00000000ecc00000)
 ParOldGen       total 68608K, used 16K [0x00000000c0000000, 0x00000000c4300000, 0x00000000eab00000)
  object space 68608K, 0% used [0x00000000c0000000,0x00000000c0004000,0x00000000c4300000)
 Metaspace       used 11028K, committed 11136K, reserved 1114112K
  class space    used 1101K, committed 1152K, reserved 1048576K
}
Event: 8.167 GC heap before
{Heap before GC invocations=2 (full 0):
 PSYoungGen      total 29696K, used 28724K [0x00000000eab00000, 0x00000000ecc00000, 0x0000000100000000)
  eden space 25600K, 100% used [0x00000000eab00000,0x00000000ec400000,0x00000000ec400000)
  from space 4096K, 76% used [0x00000000ec400000,0x00000000ec70d350,0x00000000ec800000)
  to   space 4096K, 0% used [0x00000000ec800000,0x00000000ec800000,0x00000000ecc00000)
 ParOldGen       total 68608K, used 16K [0x00000000c0000000, 0x00000000c4300000, 0x00000000eab00000)
  object space 68608K, 0% used [0x00000000c0000000,0x00000000c0004000,0x00000000c4300000)
 Metaspace       used 14119K, committed 14272K, reserved 1114112K
  class space    used 1411K, committed 1472K, reserved 1048576K
}
Event: 8.184 GC heap after
{Heap after GC invocations=2 (full 0):
 PSYoungGen      total 29696K, used 4083K [0x00000000eab00000, 0x00000000ecc00000, 0x0000000100000000)
  eden space 25600K, 0% used [0x00000000eab00000,0x00000000eab00000,0x00000000ec400000)
  from space 4096K, 99% used [0x00000000ec800000,0x00000000ecbfcdf8,0x00000000ecc00000)
  to   space 4096K, 0% used [0x00000000ec400000,0x00000000ec400000,0x00000000ec800000)
 ParOldGen       total 68608K, used 756K [0x00000000c0000000, 0x00000000c4300000, 0x00000000eab00000)
  object space 68608K, 1% used [0x00000000c0000000,0x00000000c00bd350,0x00000000c4300000)
 Metaspace       used 14119K, committed 14272K, reserved 1114112K
  class space    used 1411K, committed 1472K, reserved 1048576K
}
Event: 9.129 GC heap before
{Heap before GC invocations=3 (full 0):
 PSYoungGen      total 29696K, used 29683K [0x00000000eab00000, 0x00000000ecc00000, 0x0000000100000000)
  eden space 25600K, 100% used [0x00000000eab00000,0x00000000ec400000,0x00000000ec400000)
  from space 4096K, 99% used [0x00000000ec800000,0x00000000ecbfcdf8,0x00000000ecc00000)
  to   space 4096K, 0% used [0x00000000ec400000,0x00000000ec400000,0x00000000ec800000)
 ParOldGen       total 68608K, used 756K [0x00000000c0000000, 0x00000000c4300000, 0x00000000eab00000)
  object space 68608K, 1% used [0x00000000c0000000,0x00000000c00bd350,0x00000000c4300000)
 Metaspace       used 14530K, committed 14720K, reserved 1114112K
  class space    used 1444K, committed 1536K, reserved 1048576K
}
Event: 9.138 GC heap after
{Heap after GC invocations=3 (full 0):
 PSYoungGen      total 29696K, used 4079K [0x00000000eab00000, 0x00000000ecc00000, 0x0000000100000000)
  eden space 25600K, 0% used [0x00000000eab00000,0x00000000eab00000,0x00000000ec400000)
  from space 4096K, 99% used [0x00000000ec400000,0x00000000ec7fbe88,0x00000000ec800000)
  to   space 4096K, 0% used [0x00000000ec800000,0x00000000ec800000,0x00000000ecc00000)
 ParOldGen       total 68608K, used 6687K [0x00000000c0000000, 0x00000000c4300000, 0x00000000eab00000)
  object space 68608K, 9% used [0x00000000c0000000,0x00000000c0687ee0,0x00000000c4300000)
 Metaspace       used 14530K, committed 14720K, reserved 1114112K
  class space    used 1444K, committed 1536K, reserved 1048576K
}

Dll operation events (9 events):
Event: 0.043 Loaded shared library c:\Users\u-mdp\.vscode\extensions\redhat.java-1.35.0-win32-x64\jre\17.0.12-win32-x86_64\bin\java.dll
Event: 0.270 Loaded shared library c:\Users\u-mdp\.vscode\extensions\redhat.java-1.35.0-win32-x64\jre\17.0.12-win32-x86_64\bin\zip.dll
Event: 0.274 Loaded shared library C:\Users\u-mdp\.vscode\extensions\redhat.java-1.35.0-win32-x64\jre\17.0.12-win32-x86_64\bin\instrument.dll
Event: 0.292 Loaded shared library C:\Users\u-mdp\.vscode\extensions\redhat.java-1.35.0-win32-x64\jre\17.0.12-win32-x86_64\bin\net.dll
Event: 0.294 Loaded shared library C:\Users\u-mdp\.vscode\extensions\redhat.java-1.35.0-win32-x64\jre\17.0.12-win32-x86_64\bin\nio.dll
Event: 0.304 Loaded shared library C:\Users\u-mdp\.vscode\extensions\redhat.java-1.35.0-win32-x64\jre\17.0.12-win32-x86_64\bin\zip.dll
Event: 0.326 Loaded shared library C:\Users\u-mdp\.vscode\extensions\redhat.java-1.35.0-win32-x64\jre\17.0.12-win32-x86_64\bin\jimage.dll
Event: 0.445 Loaded shared library c:\Users\u-mdp\.vscode\extensions\redhat.java-1.35.0-win32-x64\jre\17.0.12-win32-x86_64\bin\verify.dll
Event: 8.450 Loaded shared library C:\Users\u-mdp\AppData\Roaming\Code\User\globalStorage\redhat.java\1.35.0\config_win\org.eclipse.equinox.launcher\org.eclipse.equinox.launcher.win32.win32.x86_64_1.2.1100.v20240722-2106\eclipse_11904.dll

Deoptimization events (20 events):
Event: 8.828 Thread 0x00000297a83b2a90 Uncommon trap: trap_request=0xffffff45 fr.pc=0x0000029797bf910c relative=0x0000000000000cec
Event: 8.828 Thread 0x00000297a83b34b0 Uncommon trap: trap_request=0xffffff45 fr.pc=0x0000029797bf910c relative=0x0000000000000cec
Event: 8.829 Thread 0x00000297a823fda0 Uncommon trap: reason=unstable_if action=reinterpret pc=0x0000029797bf910c method=java.util.concurrent.ConcurrentHashMap.addCount(JI)V @ 259 c2
Event: 8.829 Thread 0x00000297a848f020 Uncommon trap: reason=unstable_if action=reinterpret pc=0x0000029797bf910c method=java.util.concurrent.ConcurrentHashMap.addCount(JI)V @ 259 c2
Event: 8.829 Thread 0x00000297a83bc050 Uncommon trap: reason=unstable_if action=reinterpret pc=0x0000029797bf910c method=java.util.concurrent.ConcurrentHashMap.addCount(JI)V @ 259 c2
Event: 8.829 Thread 0x00000297a83b5310 Uncommon trap: reason=unstable_if action=reinterpret pc=0x0000029797bf910c method=java.util.concurrent.ConcurrentHashMap.addCount(JI)V @ 259 c2
Event: 8.829 Thread 0x00000297a83b2a90 Uncommon trap: reason=unstable_if action=reinterpret pc=0x0000029797bf910c method=java.util.concurrent.ConcurrentHashMap.addCount(JI)V @ 259 c2
Event: 8.829 Thread 0x00000297a83b34b0 Uncommon trap: reason=unstable_if action=reinterpret pc=0x0000029797bf910c method=java.util.concurrent.ConcurrentHashMap.addCount(JI)V @ 259 c2
Event: 8.829 Thread 0x00000297a823fda0 DEOPT PACKING pc=0x0000029797bf910c sp=0x000000eed59fee30
Event: 8.829 Thread 0x00000297a848f020 DEOPT PACKING pc=0x0000029797bf910c sp=0x000000eed57ff330
Event: 8.829 Thread 0x00000297a823fda0 DEOPT UNPACKING pc=0x00000297975f9ea3 sp=0x000000eed59fecf0 mode 2
Event: 8.829 Thread 0x00000297a83bc050 DEOPT PACKING pc=0x0000029797bf910c sp=0x000000eed54ff060
Event: 8.829 Thread 0x00000297a83b5310 DEOPT PACKING pc=0x0000029797bf910c sp=0x000000eed62fee50
Event: 8.829 Thread 0x00000297a848f020 DEOPT UNPACKING pc=0x00000297975f9ea3 sp=0x000000eed57ff1f0 mode 2
Event: 8.829 Thread 0x00000297a83b5310 DEOPT UNPACKING pc=0x00000297975f9ea3 sp=0x000000eed62fed10 mode 2
Event: 8.829 Thread 0x00000297a83bc050 DEOPT UNPACKING pc=0x00000297975f9ea3 sp=0x000000eed54fef20 mode 2
Event: 8.829 Thread 0x00000297a83b2a90 DEOPT PACKING pc=0x0000029797bf910c sp=0x000000eed63fee10
Event: 8.829 Thread 0x00000297a83b34b0 DEOPT PACKING pc=0x0000029797bf910c sp=0x000000eed60fe410
Event: 8.829 Thread 0x00000297a83b2a90 DEOPT UNPACKING pc=0x00000297975f9ea3 sp=0x000000eed63fecd0 mode 2
Event: 8.829 Thread 0x00000297a83b34b0 DEOPT UNPACKING pc=0x00000297975f9ea3 sp=0x000000eed60fe2d0 mode 2

Classes loaded (20 events):
Event: 8.451 Loading class java/util/concurrent/locks/AbstractQueuedSynchronizer$SharedNode
Event: 8.451 Loading class java/util/concurrent/locks/AbstractQueuedSynchronizer$SharedNode done
Event: 8.510 Loading class java/util/ArrayList$ListItr
Event: 8.511 Loading class java/util/ArrayList$ListItr done
Event: 8.517 Loading class java/lang/invoke/MethodHandleImpl$AsVarargsCollector
Event: 8.518 Loading class java/lang/invoke/MethodHandleImpl$AsVarargsCollector done
Event: 8.520 Loading class java/util/Collections$ReverseComparator
Event: 8.520 Loading class java/util/Collections$ReverseComparator done
Event: 8.520 Loading class java/util/Comparators$NaturalOrderComparator
Event: 8.520 Loading class java/util/Comparators$NaturalOrderComparator done
Event: 8.521 Loading class java/util/Collections$ReverseComparator2
Event: 8.521 Loading class java/util/Collections$ReverseComparator2 done
Event: 8.527 Loading class java/util/function/BiPredicate
Event: 8.528 Loading class java/util/function/BiPredicate done
Event: 8.703 Loading class java/util/TreeMap$EntrySet
Event: 8.703 Loading class java/util/TreeMap$EntrySet done
Event: 8.703 Loading class java/util/TreeMap$EntryIterator
Event: 8.703 Loading class java/util/TreeMap$EntryIterator done
Event: 8.954 Loading class java/util/AbstractList$Itr
Event: 8.955 Loading class java/util/AbstractList$Itr done

Classes unloaded (0 events):
No events

Classes redefined (0 events):
No events

Internal exceptions (20 events):
Event: 1.174 Thread 0x000002978d3e2740 Exception <a 'sun/nio/fs/WindowsException'{0x00000000eb910df8}> (0x00000000eb910df8) 
thrown [s\src\hotspot\share\prims\jni.cpp, line 516]
Event: 1.174 Thread 0x000002978d3e2740 Exception <a 'sun/nio/fs/WindowsException'{0x00000000eb911568}> (0x00000000eb911568) 
thrown [s\src\hotspot\share\prims\jni.cpp, line 516]
Event: 1.590 Thread 0x000002978d3e2740 Exception <a 'java/lang/ClassNotFoundException'{0x00000000ec13e990}: sun/net/www/protocol/c/Handler> (0x00000000ec13e990) 
thrown [s\src\hotspot\share\classfile\systemDictionary.cpp, line 256]
Event: 1.590 Thread 0x000002978d3e2740 Exception <a 'java/lang/ClassNotFoundException'{0x00000000ec13fcf0}: sun/net/www/protocol/d/Handler> (0x00000000ec13fcf0) 
thrown [s\src\hotspot\share\classfile\systemDictionary.cpp, line 256]
Event: 1.591 Thread 0x000002978d3e2740 Exception <a 'java/lang/ClassNotFoundException'{0x00000000ec140e90}: sun/net/www/protocol/c/Handler> (0x00000000ec140e90) 
thrown [s\src\hotspot\share\classfile\systemDictionary.cpp, line 256]
Event: 1.607 Thread 0x000002978d3e2740 Exception <a 'java/io/FileNotFoundException'{0x00000000ec1694c8}> (0x00000000ec1694c8) 
thrown [s\src\hotspot\share\prims\jni.cpp, line 516]
Event: 1.663 Thread 0x000002978d3e2740 Implicit null exception at 0x0000029797b9827b to 0x0000029797b98cbc
Event: 1.663 Thread 0x000002978d3e2740 Implicit null exception at 0x0000029797b9330c to 0x0000029797b93524
Event: 1.664 Thread 0x000002978d3e2740 Implicit null exception at 0x0000029797b8ad0c to 0x0000029797b8af24
Event: 1.664 Thread 0x000002978d3e2740 Implicit null exception at 0x0000029797b8700f to 0x0000029797b87085
Event: 1.739 Thread 0x000002978d3e2740 Exception <a 'java/lang/NoSuchMethodError'{0x00000000eab43478}: 'int java.lang.invoke.DirectMethodHandle$Holder.invokeStaticInit(java.lang.Object, java.lang.Object, java.lang.Object, java.lang.Object)'> (0x00000000eab43478) 
thrown [s\src\hotspot\share\interpreter\linkResolver.cpp, line 759]
Event: 1.747 Thread 0x000002978d3e2740 Exception <a 'java/lang/NoSuchMethodError'{0x00000000eab4dbe0}: 'java.lang.Object java.lang.invoke.DirectMethodHandle$Holder.invokeInterface(java.lang.Object, java.lang.Object)'> (0x00000000eab4dbe0) 
thrown [s\src\hotspot\share\interpreter\linkResolver.cpp, line 759]
Event: 1.748 Thread 0x000002978d3e2740 Exception <a 'java/lang/IncompatibleClassChangeError'{0x00000000eab513d8}: Found class java.lang.Object, but interface was expected> (0x00000000eab513d8) 
thrown [s\src\hotspot\share\interpreter\linkResolver.cpp, line 826]
Event: 1.750 Thread 0x000002978d3e2740 Exception <a 'java/lang/NoSuchMethodError'{0x00000000eab558b8}: 'void java.lang.invoke.DirectMethodHandle$Holder.invokeStatic(java.lang.Object, java.lang.Object)'> (0x00000000eab558b8) 
thrown [s\src\hotspot\share\interpreter\linkResolver.cpp, line 759]
Event: 1.752 Thread 0x000002978d3e2740 Exception <a 'java/lang/NoSuchMethodError'{0x00000000eab590b8}: 'void java.lang.invoke.DirectMethodHandle$Holder.invokeStaticInit(java.lang.Object, java.lang.Object)'> (0x00000000eab590b8) 
thrown [s\src\hotspot\share\interpreter\linkResolver.cpp, line 759]
Event: 1.753 Thread 0x000002978d3e2740 Exception <a 'java/lang/NoSuchMethodError'{0x00000000eab605d8}: 'int java.lang.invoke.DirectMethodHandle$Holder.invokeStaticInit(java.lang.Object, java.lang.Object)'> (0x00000000eab605d8) 
thrown [s\src\hotspot\share\interpreter\linkResolver.cpp, line 759]
Event: 2.143 Thread 0x000002978d3e2740 Exception <a 'java/lang/NoSuchMethodError'{0x00000000eb6ad4f8}: 'int java.lang.invoke.DirectMethodHandle$Holder.invokeSpecial(java.lang.Object, java.lang.Object, java.lang.Object)'> (0x00000000eb6ad4f8) 
thrown [s\src\hotspot\share\interpreter\linkResolver.cpp, line 759]
Event: 2.261 Thread 0x000002978d3e2740 Exception <a 'java/lang/NoSuchMethodError'{0x00000000ebc69bc8}: 'java.lang.Object java.lang.invoke.DirectMethodHandle$Holder.newInvokeSpecial(java.lang.Object, int, java.lang.Object)'> (0x00000000ebc69bc8) 
thrown [s\src\hotspot\share\interpreter\linkResolver.cpp, line 759]
Event: 8.440 Thread 0x000002978d3e2740 Exception <a 'java/lang/UnsatisfiedLinkError'{0x00000000ebcb2b80}: 'void org.eclipse.equinox.launcher.JNIBridge._update_splash()'> (0x00000000ebcb2b80) 
thrown [s\src\hotspot\share\prims\nativeLookup.cpp, line 543]
Event: 8.518 Thread 0x00000297a83b34b0 Exception <a 'java/lang/NoSuchMethodError'{0x00000000ebd75bf8}: 'java.lang.Object java.lang.invoke.Invokers$Holder.invokeExact_MT(java.lang.Object, java.lang.Object, java.lang.Object, java.lang.Object, java.lang.Object, java.lang.Object)'> (0x00000000ebd75bf8) 
thrown [s\src\hotspot\share\interpreter\linkResolver.cpp, line 759]

VM Operations (20 events):
Event: 1.515 Executing VM operation: HandshakeAllThreads
Event: 1.515 Executing VM operation: HandshakeAllThreads done
Event: 1.515 Executing VM operation: Cleanup
Event: 1.516 Executing VM operation: Cleanup done
Event: 1.719 Executing VM operation: ParallelGCFailedAllocation
Event: 1.727 Executing VM operation: ParallelGCFailedAllocation done
Event: 2.240 Executing VM operation: HandshakeAllThreads
Event: 2.240 Executing VM operation: HandshakeAllThreads done
Event: 2.241 Executing VM operation: HandshakeAllThreads
Event: 2.241 Executing VM operation: HandshakeAllThreads done
Event: 3.253 Executing VM operation: Cleanup
Event: 3.253 Executing VM operation: Cleanup done
Event: 8.151 Executing VM operation: ParallelGCFailedAllocation
Event: 8.185 Executing VM operation: ParallelGCFailedAllocation done
Event: 8.511 Executing VM operation: HandshakeAllThreads
Event: 8.511 Executing VM operation: HandshakeAllThreads done
Event: 8.812 Executing VM operation: HandshakeAllThreads
Event: 8.812 Executing VM operation: HandshakeAllThreads done
Event: 9.061 Executing VM operation: ParallelGCFailedAllocation
Event: 9.139 Executing VM operation: ParallelGCFailedAllocation done

Events (20 events):
Event: 2.225 Thread 0x00000297a83b3ed0 Thread added: 0x00000297a83b3ed0
Event: 2.400 Thread 0x00000297a803a3b0 Thread exited: 0x00000297a803a3b0
Event: 8.090 Thread 0x00000297a83b39c0 Thread added: 0x00000297a83b39c0
Event: 8.092 Thread 0x00000297a83b43e0 Thread added: 0x00000297a83b43e0
Event: 8.109 Thread 0x00000297a851a5e0 Thread added: 0x00000297a851a5e0
Event: 8.138 Thread 0x00000297a851ab00 Thread added: 0x00000297a851ab00
Event: 8.439 Thread 0x00000297a83b34b0 Thread added: 0x00000297a83b34b0
Event: 8.657 Thread 0x00000297a851ab00 Thread exited: 0x00000297a851ab00
Event: 8.663 Thread 0x00000297a851a5e0 Thread exited: 0x00000297a851a5e0
Event: 8.701 Thread 0x00000297a8121240 Thread added: 0x00000297a8121240
Event: 8.822 Thread 0x00000297a83b2580 Thread added: 0x00000297a83b2580
Event: 8.822 Thread 0x00000297a83b48f0 Thread added: 0x00000297a83b48f0
Event: 8.822 Thread 0x00000297a83b5310 Thread added: 0x00000297a83b5310
Event: 8.822 Thread 0x00000297a83b2a90 Thread added: 0x00000297a83b2a90
Event: 8.823 Thread 0x00000297a83b4e00 Thread added: 0x00000297a83b4e00
Event: 8.823 Thread 0x00000297a83b2fa0 Thread added: 0x00000297a83b2fa0
Event: 8.823 Thread 0x00000297a886bbe0 Thread added: 0x00000297a886bbe0
Event: 8.951 Thread 0x00000297a886bbe0 Thread exited: 0x00000297a886bbe0
Event: 8.955 Thread 0x00000297a8121240 Thread exited: 0x00000297a8121240
Event: 9.141 Thread 0x00000297a886bbe0 Thread added: 0x00000297a886bbe0


Dynamic libraries:
0x00007ff676040000 - 0x00007ff67604e000 	c:\Users\u-mdp\.vscode\extensions\redhat.java-1.35.0-win32-x64\jre\17.0.12-win32-x86_64\bin\java.exe
0x00007ffdfbc50000 - 0x00007ffdfbe67000 	C:\WINDOWS\SYSTEM32\ntdll.dll
0x00007ffdf9c00000 - 0x00007ffdf9cc4000 	C:\WINDOWS\System32\KERNEL32.DLL
0x00007ffdf9200000 - 0x00007ffdf95ad000 	C:\WINDOWS\System32\KERNELBASE.dll
0x00007ffdf96c0000 - 0x00007ffdf97d1000 	C:\WINDOWS\System32\ucrtbase.dll
0x00007ffddfa50000 - 0x00007ffddfa67000 	c:\Users\u-mdp\.vscode\extensions\redhat.java-1.35.0-win32-x64\jre\17.0.12-win32-x86_64\bin\jli.dll
0x00007ffddfa30000 - 0x00007ffddfa4b000 	c:\Users\u-mdp\.vscode\extensions\redhat.java-1.35.0-win32-x64\jre\17.0.12-win32-x86_64\bin\VCRUNTIME140.dll
0x00007ffdf9fc0000 - 0x00007ffdfa16e000 	C:\WINDOWS\System32\USER32.dll
0x00007ffdf9950000 - 0x00007ffdf9976000 	C:\WINDOWS\System32\win32u.dll
0x00007ffdea4d0000 - 0x00007ffdea763000 	C:\WINDOWS\WinSxS\amd64_microsoft.windows.common-controls_6595b64144ccf1df_6.0.22621.3672_none_2713b9d173822955\COMCTL32.dll
0x00007ffdf9d10000 - 0x00007ffdf9d39000 	C:\WINDOWS\System32\GDI32.dll
0x00007ffdf9da0000 - 0x00007ffdf9e47000 	C:\WINDOWS\System32\msvcrt.dll
0x00007ffdf90e0000 - 0x00007ffdf91f9000 	C:\WINDOWS\System32\gdi32full.dll
0x00007ffdf9620000 - 0x00007ffdf96ba000 	C:\WINDOWS\System32\msvcp_win.dll
0x00007ffdf9cd0000 - 0x00007ffdf9d01000 	C:\WINDOWS\System32\IMM32.DLL
0x00007ffdf5a00000 - 0x00007ffdf5a0c000 	c:\Users\u-mdp\.vscode\extensions\redhat.java-1.35.0-win32-x64\jre\17.0.12-win32-x86_64\bin\vcruntime140_1.dll
0x00007ffdd6920000 - 0x00007ffdd69ad000 	c:\Users\u-mdp\.vscode\extensions\redhat.java-1.35.0-win32-x64\jre\17.0.12-win32-x86_64\bin\msvcp140.dll
0x00007ffd86520000 - 0x00007ffd8718a000 	c:\Users\u-mdp\.vscode\extensions\redhat.java-1.35.0-win32-x64\jre\17.0.12-win32-x86_64\bin\server\jvm.dll
0x00007ffdfb790000 - 0x00007ffdfb842000 	C:\WINDOWS\System32\ADVAPI32.dll
0x00007ffdfa1f0000 - 0x00007ffdfa299000 	C:\WINDOWS\System32\sechost.dll
0x00007ffdf9860000 - 0x00007ffdf9888000 	C:\WINDOWS\System32\bcrypt.dll
0x00007ffdf9980000 - 0x00007ffdf9a94000 	C:\WINDOWS\System32\RPCRT4.dll
0x00007ffdfa170000 - 0x00007ffdfa1e1000 	C:\WINDOWS\System32\WS2_32.dll
0x00007ffdf7de0000 - 0x00007ffdf7e2d000 	C:\WINDOWS\SYSTEM32\POWRPROF.dll
0x00007ffdf1b40000 - 0x00007ffdf1b4a000 	C:\WINDOWS\SYSTEM32\VERSION.dll
0x00007ffdedd80000 - 0x00007ffdeddb4000 	C:\WINDOWS\SYSTEM32\WINMM.dll
0x00007ffdf7dc0000 - 0x00007ffdf7dd3000 	C:\WINDOWS\SYSTEM32\UMPDC.dll
0x00007ffdf8070000 - 0x00007ffdf8088000 	C:\WINDOWS\SYSTEM32\kernel.appcore.dll
0x00007ffdec5a0000 - 0x00007ffdec5aa000 	c:\Users\u-mdp\.vscode\extensions\redhat.java-1.35.0-win32-x64\jre\17.0.12-win32-x86_64\bin\jimage.dll
0x00007ffdea240000 - 0x00007ffdea472000 	C:\WINDOWS\SYSTEM32\DBGHELP.DLL
0x00007ffdfb880000 - 0x00007ffdfbc0e000 	C:\WINDOWS\System32\combase.dll
0x00007ffdfb020000 - 0x00007ffdfb0f7000 	C:\WINDOWS\System32\OLEAUT32.dll
0x00007ffde9170000 - 0x00007ffde91a2000 	C:\WINDOWS\SYSTEM32\dbgcore.DLL
0x00007ffdf97e0000 - 0x00007ffdf985b000 	C:\WINDOWS\System32\bcryptPrimitives.dll
0x00007ffdebe30000 - 0x00007ffdebe3e000 	c:\Users\u-mdp\.vscode\extensions\redhat.java-1.35.0-win32-x64\jre\17.0.12-win32-x86_64\bin\instrument.dll
0x00007ffdd68f0000 - 0x00007ffdd6915000 	c:\Users\u-mdp\.vscode\extensions\redhat.java-1.35.0-win32-x64\jre\17.0.12-win32-x86_64\bin\java.dll
0x00007ffddb1a0000 - 0x00007ffddb1b8000 	c:\Users\u-mdp\.vscode\extensions\redhat.java-1.35.0-win32-x64\jre\17.0.12-win32-x86_64\bin\zip.dll
0x00007ffdfa5b0000 - 0x00007ffdfae17000 	C:\WINDOWS\System32\SHELL32.dll
0x00007ffdf6eb0000 - 0x00007ffdf77af000 	C:\WINDOWS\SYSTEM32\windows.storage.dll
0x00007ffdf6d70000 - 0x00007ffdf6eaf000 	C:\WINDOWS\SYSTEM32\wintypes.dll
0x00007ffdfb580000 - 0x00007ffdfb679000 	C:\WINDOWS\System32\SHCORE.dll
0x00007ffdf9f60000 - 0x00007ffdf9fbe000 	C:\WINDOWS\System32\shlwapi.dll
0x00007ffdf8ea0000 - 0x00007ffdf8ec7000 	C:\WINDOWS\SYSTEM32\profapi.dll
0x00007ffdd55b0000 - 0x00007ffdd55c9000 	C:\Users\u-mdp\.vscode\extensions\redhat.java-1.35.0-win32-x64\jre\17.0.12-win32-x86_64\bin\net.dll
0x00007ffdf5c30000 - 0x00007ffdf5d66000 	C:\WINDOWS\SYSTEM32\WINHTTP.dll
0x00007ffdf84d0000 - 0x00007ffdf8539000 	C:\WINDOWS\system32\mswsock.dll
0x00007ffdd4110000 - 0x00007ffdd4126000 	C:\Users\u-mdp\.vscode\extensions\redhat.java-1.35.0-win32-x64\jre\17.0.12-win32-x86_64\bin\nio.dll
0x00007ffdeb6b0000 - 0x00007ffdeb6c0000 	c:\Users\u-mdp\.vscode\extensions\redhat.java-1.35.0-win32-x64\jre\17.0.12-win32-x86_64\bin\verify.dll
0x00007ffdb6d60000 - 0x00007ffdb6da5000 	C:\Users\u-mdp\AppData\Roaming\Code\User\globalStorage\redhat.java\1.35.0\config_win\org.eclipse.equinox.launcher\org.eclipse.equinox.launcher.win32.win32.x86_64_1.2.1100.v20240722-2106\eclipse_11904.dll
0x00007ffdfa400000 - 0x00007ffdfa5a5000 	C:\WINDOWS\System32\ole32.dll

dbghelp: loaded successfully - version: 4.0.5 - missing functions: none
symbol engine: initialized successfully - sym options: 0x614 - pdb path: .;c:\Users\u-mdp\.vscode\extensions\redhat.java-1.35.0-win32-x64\jre\17.0.12-win32-x86_64\bin;C:\WINDOWS\SYSTEM32;C:\WINDOWS\WinSxS\amd64_microsoft.windows.common-controls_6595b64144ccf1df_6.0.22621.3672_none_2713b9d173822955;c:\Users\u-mdp\.vscode\extensions\redhat.java-1.35.0-win32-x64\jre\17.0.12-win32-x86_64\bin\server;C:\Users\u-mdp\AppData\Roaming\Code\User\globalStorage\redhat.java\1.35.0\config_win\org.eclipse.equinox.launcher\org.eclipse.equinox.launcher.win32.win32.x86_64_1.2.1100.v20240722-2106

VM Arguments:
jvm_args: --add-modules=ALL-SYSTEM --add-opens=java.base/java.util=ALL-UNNAMED --add-opens=java.base/java.lang=ALL-UNNAMED --add-opens=java.base/sun.nio.fs=ALL-UNNAMED -Declipse.application=org.eclipse.jdt.ls.core.id1 -Dosgi.bundles.defaultStartLevel=4 -Declipse.product=org.eclipse.jdt.ls.core.product -Djava.import.generatesMetadataFilesAtProjectRoot=false -DDetectVMInstallationsJob.disabled=true -Dfile.encoding=utf8 -XX:+UseParallelGC -XX:GCTimeRatio=4 -XX:AdaptiveSizePolicyWeight=90 -Dsun.zip.disableMemoryMapping=true -Xmx1G -Xms100m -Xlog:disable -javaagent:c:\Users\u-mdp\.vscode\extensions\redhat.java-1.35.0-win32-x64\lombok\lombok-1.18.33.jar -XX:+HeapDumpOnOutOfMemoryError -XX:HeapDumpPath=c:\Users\u-mdp\AppData\Roaming\Code\User\workspaceStorage\2d7e5db4128b44857ea5253ec642e61d\redhat.java -Daether.dependencyCollector.impl=bf 
java_command: c:\Users\u-mdp\.vscode\extensions\redhat.java-1.35.0-win32-x64\server\plugins\org.eclipse.equinox.launcher_1.6.900.v20240613-2009.jar -configuration c:\Users\u-mdp\AppData\Roaming\Code\User\globalStorage\redhat.java\1.35.0\config_win -data c:\Users\u-mdp\AppData\Roaming\Code\User\workspaceStorage\2d7e5db4128b44857ea5253ec642e61d\redhat.java\jdt_ws --pipe=\\.\pipe\lsp-60e2fd53b61a3b7c782a1dd49fa8066a-sock
java_class_path (initial): c:\Users\u-mdp\.vscode\extensions\redhat.java-1.35.0-win32-x64\server\plugins\org.eclipse.equinox.launcher_1.6.900.v20240613-2009.jar
Launcher Type: SUN_STANDARD

[Global flags]
    uintx AdaptiveSizePolicyWeight                 = 90                                        {product} {command line}
     intx CICompilerCount                          = 4                                         {product} {ergonomic}
    uintx GCTimeRatio                              = 4                                         {product} {command line}
     bool HeapDumpOnOutOfMemoryError               = true                                   {manageable} {command line}
    ccstr HeapDumpPath                             = c:\Users\u-mdp\AppData\Roaming\Code\User\workspaceStorage\2d7e5db4128b44857ea5253ec642e61d\redhat.java         {manageable} {command line}
   size_t InitialHeapSize                          = 104857600                                 {product} {command line}
   size_t MaxHeapSize                              = 1073741824                                {product} {command line}
   size_t MaxNewSize                               = 357564416                                 {product} {ergonomic}
   size_t MinHeapDeltaBytes                        = 524288                                    {product} {ergonomic}
   size_t MinHeapSize                              = 104857600                                 {product} {command line}
   size_t NewSize                                  = 34603008                                  {product} {ergonomic}
    uintx NonNMethodCodeHeapSize                   = 5839372                                {pd product} {ergonomic}
    uintx NonProfiledCodeHeapSize                  = 122909434                              {pd product} {ergonomic}
   size_t OldSize                                  = 70254592                                  {product} {ergonomic}
    uintx ProfiledCodeHeapSize                     = 122909434                              {pd product} {ergonomic}
    uintx ReservedCodeCacheSize                    = 251658240                              {pd product} {ergonomic}
     bool SegmentedCodeCache                       = true                                      {product} {ergonomic}
   size_t SoftMaxHeapSize                          = 1073741824                             {manageable} {ergonomic}
     bool UseCompressedClassPointers               = true                           {product lp64_product} {ergonomic}
     bool UseCompressedOops                        = true                           {product lp64_product} {ergonomic}
     bool UseLargePagesIndividualAllocation        = false                                  {pd product} {ergonomic}
     bool UseParallelGC                            = true                                      {product} {command line}

Logging:
Log output configuration:
 #0: stdout all=off uptime,level,tags
 #1: stderr all=off uptime,level,tags

Environment Variables:
PATH=C:\Program Files (x86)\Common Files\Intel\Shared Libraries\redist\intel64\compiler;C:\Program Files\Java\jdk-21\bin;C:\Program Files\Python39\Scripts\;C:\Program Files\Python39\;C:\Windows\system32;C:\Windows;C:\Windows\System32\Wbem;C:\Windows\System32\WindowsPowerShell\v1.0\;C:\Windows\System32\OpenSSH\;C:\Program Files\Microsoft VS Code\bin;C:\Program Files\Microsoft SQL Server\130\Tools\Binn\;C:\xampp\php;C:\ProgramData\ComposerSetup\bin;C:\Program Files (x86)\Microsoft SQL Server\110\DTS\Binn\;C:\Program Files (x86)\Microsoft SQL Server\110\Tools\Binn\;C:\Program Files (x86)\Microsoft SQL Server\110\Tools\Binn\ManagementStudio\;C:\Program Files (x86)\Microsoft Visual Studio 10.0\Common7\IDE\PrivateAssemblies\;C:\Program Files (x86)\NVIDIA Corporation\PhysX\Common;C:\Program Files\NVIDIA Corporation\NVIDIA NvDLISR;C:\xampp\mysql\bin;C:\Users\u-mdp\AppData\Roaming\nvm;C:\Program Files\nodejs;C:\Program Files\nodejs\;C:\Program Files\MATLAB\R2022b\runtime\win64;C:\Program Files\MATLAB\R2022b\bin;C:\Program Files\Microsoft SQL Server\150\Tools\Binn\;C:\WINDOWS\system32;C:\WINDOWS;C:\WINDOWS\System32\Wbem;C:\WINDOWS\System32\WindowsPowerShell\v1.0\;C:\WINDOWS\System32\OpenSSH\;C:\Program Files\Docker\Docker\resources\bin;C:\Program Files\Git\cmd;C:\Program Files\dotnet\;C:\Users\u-mdp\.pyenv\pyenv-win\bin;C:\Users\u-mdp\.pyenv\pyenv-win\shims;C:\Program Files\MySQL\MySQL Shell 8.0\bin\;C:\Users\u-mdp\AppData\Local\Programs\Python\Python311\Scripts\;C:\Users\u-mdp\AppData\Local\Programs\Python\Python311\;C:\Users\u-mdp\AppData\Local\Microsoft\WindowsApps;C:\Program Files\JetBrains\IntelliJ IDEA Community Edition 2021.3\bin;C:\Users\u-mdp\AppData\Local\GitHubDesktop\bin;C:\Users\u-mdp\AppData\Roaming\Composer\vendor\bin;C:\Users\u-mdp\AppData\Roaming\nvm;C:\Program Files\nodejs;C:\Users\u-mdp\AppData\Roaming\npm;C:\Users\u-mdp\flutter\bin;C:\Users\u-mdp\.dotnet\tools;C:\Users\u-mdp\.dotnet\tools;C:\Program Files\JetBrains\IntelliJ IDEA Community Edition 2024.1.4\bin
USERNAME=u-mdp
OS=Windows_NT
PROCESSOR_IDENTIFIER=Intel64 Family 6 Model 167 Stepping 1, GenuineIntel
TMP=C:\Users\u-mdp\AppData\Local\Temp
TEMP=C:\Users\u-mdp\AppData\Local\Temp



Periodic native trim disabled


---------------  S Y S T E M  ---------------

OS:
 Windows 11 , 64 bit Build 22621 (10.0.22621.3958)
OS uptime: 13 days 16:14 hours
Hyper-V role detected

CPU: total 12 (initial active 12) (6 cores per cpu, 2 threads per core) family 6 model 167 stepping 1 microcode 0x3c, cx8, cmov, fxsr, ht, mmx, 3dnowpref, sse, sse2, sse3, ssse3, sse4.1, sse4.2, popcnt, lzcnt, tsc, tscinvbit, avx, avx2, aes, erms, clmul, bmi1, bmi2, adx, avx512f, avx512dq, avx512cd, avx512bw, avx512vl, sha, fma, vzeroupper, avx512_vpopcntdq, avx512_vpclmulqdq, avx512_vaes, avx512_vnni, clflush, clflushopt, avx512_vbmi2, avx512_vbmi, hv
Processor Information for all 12 processors :
  Max Mhz: 2592, Current Mhz: 2592, Mhz Limit: 2592

Memory: 4k page, system-wide physical 16239M (6646M free)
TotalPageFile size 65391M (AvailPageFile size 5M)
current process WorkingSet (physical memory assigned to process): 105M, peak: 105M
current process commit charge ("private bytes"): 221M, peak: 221M

vm_info: OpenJDK 64-Bit Server VM (17.0.12+7) for windows-amd64 JRE (17.0.12+7), built on Jul 16 2024 22:08:24 by "admin" with MS VC++ 16.10 / 16.11 (VS2019)

END.
