#
# There is insufficient memory for the Java Runtime Environment to continue.
# Native memory allocation (malloc) failed to allocate 1301616 bytes. Error detail: Chunk::new
# Possible reasons:
#   The system is out of physical RAM or swap space
#   This process is running with CompressedOops enabled, and the Java Heap may be blocking the growth of the native heap
# Possible solutions:
#   Reduce memory load on the system
#   Increase physical memory or swap space
#   Check if swap backing store is full
#   Decrease Java heap size (-Xmx/-Xms)
#   Decrease number of Java threads
#   Decrease Java thread stack sizes (-Xss)
#   Set larger code cache with -XX:ReservedCodeCacheSize=
#   JVM is running with Unscaled Compressed Oops mode in which the Java heap is
#     placed in the first 4GB address space. The Java Heap base address is the
#     maximum limit for the native heap growth. Please use -XX:HeapBaseMinAddress
#     to set the Java Heap base and to place the Java Heap above 4GB virtual address.
# This output file may be truncated or incomplete.
#
#  Out of Memory Error (arena.cpp:191), pid=16096, tid=10256
#
# JRE version: OpenJDK Runtime Environment Temurin-17.0.12+7 (17.0.12+7) (build 17.0.12+7)
# Java VM: OpenJDK 64-Bit Server VM Temurin-17.0.12+7 (17.0.12+7, mixed mode, tiered, compressed oops, compressed class ptrs, parallel gc, windows-amd64)
# No core dump will be written. Minidumps are not enabled by default on client versions of Windows
#

---------------  S U M M A R Y ------------

Command Line: --add-modules=ALL-SYSTEM --add-opens=java.base/java.util=ALL-UNNAMED --add-opens=java.base/java.lang=ALL-UNNAMED --add-opens=java.base/sun.nio.fs=ALL-UNNAMED -Declipse.application=org.eclipse.jdt.ls.core.id1 -Dosgi.bundles.defaultStartLevel=4 -Declipse.product=org.eclipse.jdt.ls.core.product -Djava.import.generatesMetadataFilesAtProjectRoot=false -DDetectVMInstallationsJob.disabled=true -Dfile.encoding=utf8 -XX:+UseParallelGC -XX:GCTimeRatio=4 -XX:AdaptiveSizePolicyWeight=90 -Dsun.zip.disableMemoryMapping=true -Xmx1G -Xms100m -Xlog:disable -javaagent:c:\Users\u-mdp\.vscode\extensions\redhat.java-1.35.0-win32-x64\lombok\lombok-1.18.33.jar c:\Users\u-mdp\.vscode\extensions\redhat.java-1.35.0-win32-x64\server\plugins\org.eclipse.equinox.launcher_1.6.900.v20240613-2009.jar -configuration c:\Users\u-mdp\AppData\Roaming\Code\User\globalStorage\redhat.java\1.35.0\config_ss_win -data c:\Users\u-mdp\AppData\Roaming\Code\User\workspaceStorage\2d7e5db4128b44857ea5253ec642e61d\redhat.java\ss_ws --pipe=\\.\pipe\lsp-2d9e5d455c3243b253ff97180685860a-sock

Host: 11th Gen Intel(R) Core(TM) i5-11400F @ 2.60GHz, 12 cores, 15G,  Windows 11 , 64 bit Build 22621 (10.0.22621.3958)
Time: Sat Sep 28 10:25:45 2024 SE Asia Standard Time elapsed time: 9.196901 seconds (0d 0h 0m 9s)

---------------  T H R E A D  ---------------

Current thread (0x0000025cb14e8c40):  JavaThread "C2 CompilerThread1" daemon [_thread_in_native, id=10256, stack(0x000000686e000000,0x000000686e100000)]


Current CompileTask:
C2:   9197 1840       4       org.apache.felix.resolver.ResolverImpl::mergeUses (495 bytes)

Stack: [0x000000686e000000,0x000000686e100000]
Native frames: (J=compiled Java code, j=interpreted, Vv=VM code, C=native code)
V  [jvm.dll+0x67f929]
V  [jvm.dll+0x8371ba]
V  [jvm.dll+0x838c7e]
V  [jvm.dll+0x8392e3]
V  [jvm.dll+0x24834f]
V  [jvm.dll+0xac9d4]
V  [jvm.dll+0xad01c]
V  [jvm.dll+0x2af96f]
V  [jvm.dll+0x5868d7]
V  [jvm.dll+0x2231c2]
V  [jvm.dll+0x2235bf]
V  [jvm.dll+0x21c6e0]
V  [jvm.dll+0x219be1]
V  [jvm.dll+0x1a58bd]
V  [jvm.dll+0x229a2d]
V  [jvm.dll+0x227bdc]
V  [jvm.dll+0x7ec1f7]
V  [jvm.dll+0x7e65dc]
V  [jvm.dll+0x67e7f7]
C  [ucrtbase.dll+0x29333]
C  [KERNEL32.DLL+0x1257d]
C  [ntdll.dll+0x5af28]


---------------  P R O C E S S  ---------------

Threads class SMR info:
_java_thread_list=0x0000025caf5dd980, length=29, elements={
0x0000025c96453980, 0x0000025caa2d6020, 0x0000025caa2d6af0, 0x0000025caf3daf30,
0x0000025caf3db800, 0x0000025caf3de1e0, 0x0000025caf3deab0, 0x0000025caf3e06a0,
0x0000025caf3f7410, 0x0000025caf413460, 0x0000025caf50cbe0, 0x0000025caf5b4510,
0x0000025caf48dd70, 0x0000025caf48e280, 0x0000025caf48e790, 0x0000025caf48f1b0,
0x0000025caf48f6c0, 0x0000025caf48c930, 0x0000025caf48ce40, 0x0000025caf48eca0,
0x0000025caf48d860, 0x0000025cb14e8c40, 0x0000025cb161ba10, 0x0000025cb161c430,
0x0000025cb161ce50, 0x0000025cb161d360, 0x0000025cb1623390, 0x0000025cb161c940,
0x0000025cb161d870
}

Java Threads: ( => current thread )
  0x0000025c96453980 JavaThread "main" [_thread_blocked, id=16684, stack(0x000000686c300000,0x000000686c400000)]
  0x0000025caa2d6020 JavaThread "Reference Handler" daemon [_thread_blocked, id=18360, stack(0x000000686c600000,0x000000686c700000)]
  0x0000025caa2d6af0 JavaThread "Finalizer" daemon [_thread_blocked, id=17744, stack(0x000000686c700000,0x000000686c800000)]
  0x0000025caf3daf30 JavaThread "Signal Dispatcher" daemon [_thread_blocked, id=21364, stack(0x000000686c800000,0x000000686c900000)]
  0x0000025caf3db800 JavaThread "Attach Listener" daemon [_thread_blocked, id=23528, stack(0x000000686c900000,0x000000686ca00000)]
  0x0000025caf3de1e0 JavaThread "Service Thread" daemon [_thread_blocked, id=3308, stack(0x000000686ca00000,0x000000686cb00000)]
  0x0000025caf3deab0 JavaThread "Monitor Deflation Thread" daemon [_thread_blocked, id=17552, stack(0x000000686cb00000,0x000000686cc00000)]
  0x0000025caf3e06a0 JavaThread "C2 CompilerThread0" daemon [_thread_in_native, id=2336, stack(0x000000686cc00000,0x000000686cd00000)]
  0x0000025caf3f7410 JavaThread "C1 CompilerThread0" daemon [_thread_blocked, id=12248, stack(0x000000686cd00000,0x000000686ce00000)]
  0x0000025caf413460 JavaThread "Sweeper thread" daemon [_thread_blocked, id=16900, stack(0x000000686ce00000,0x000000686cf00000)]
  0x0000025caf50cbe0 JavaThread "Common-Cleaner" daemon [_thread_blocked, id=11136, stack(0x000000686cf00000,0x000000686d000000)]
  0x0000025caf5b4510 JavaThread "Notification Thread" daemon [_thread_blocked, id=1644, stack(0x000000686d000000,0x000000686d100000)]
  0x0000025caf48dd70 JavaThread "Equinox resolver thread - Equinox Container: 61b24c55-4e46-4c56-b12b-fcfdaaa1bd9d" daemon [_thread_blocked, id=2520, stack(0x000000686d800000,0x000000686d900000)]
  0x0000025caf48e280 JavaThread "Equinox resolver thread - Equinox Container: 61b24c55-4e46-4c56-b12b-fcfdaaa1bd9d" daemon [_thread_blocked, id=21220, stack(0x000000686d900000,0x000000686da00000)]
  0x0000025caf48e790 JavaThread "Equinox resolver thread - Equinox Container: 61b24c55-4e46-4c56-b12b-fcfdaaa1bd9d" daemon [_thread_blocked, id=17568, stack(0x000000686da00000,0x000000686db00000)]
  0x0000025caf48f1b0 JavaThread "Equinox resolver thread - Equinox Container: 61b24c55-4e46-4c56-b12b-fcfdaaa1bd9d" daemon [_thread_blocked, id=23452, stack(0x000000686db00000,0x000000686dc00000)]
  0x0000025caf48f6c0 JavaThread "Equinox resolver thread - Equinox Container: 61b24c55-4e46-4c56-b12b-fcfdaaa1bd9d" daemon [_thread_blocked, id=14488, stack(0x000000686dc00000,0x000000686dd00000)]
  0x0000025caf48c930 JavaThread "Equinox resolver thread - Equinox Container: 61b24c55-4e46-4c56-b12b-fcfdaaa1bd9d" daemon [_thread_blocked, id=19968, stack(0x000000686dd00000,0x000000686de00000)]
  0x0000025caf48ce40 JavaThread "Active Thread: Equinox Container: 61b24c55-4e46-4c56-b12b-fcfdaaa1bd9d" [_thread_blocked, id=7532, stack(0x000000686de00000,0x000000686df00000)]
  0x0000025caf48eca0 JavaThread "Framework Event Dispatcher: Equinox Container: 61b24c55-4e46-4c56-b12b-fcfdaaa1bd9d" daemon [_thread_blocked, id=21848, stack(0x000000686d200000,0x000000686d300000)]
  0x0000025caf48d860 JavaThread "Start Level: Equinox Container: 61b24c55-4e46-4c56-b12b-fcfdaaa1bd9d" daemon [_thread_in_vm, id=13108, stack(0x000000686df00000,0x000000686e000000)]
=>0x0000025cb14e8c40 JavaThread "C2 CompilerThread1" daemon [_thread_in_native, id=10256, stack(0x000000686e000000,0x000000686e100000)]
  0x0000025cb161ba10 JavaThread "Refresh Thread: Equinox Container: 61b24c55-4e46-4c56-b12b-fcfdaaa1bd9d" daemon [_thread_blocked, id=10896, stack(0x000000686e400000,0x000000686e500000)]
  0x0000025cb161c430 JavaThread "Equinox resolver thread - Equinox Container: 61b24c55-4e46-4c56-b12b-fcfdaaa1bd9d" daemon [_thread_blocked, id=2188, stack(0x000000686e100000,0x000000686e200000)]
  0x0000025cb161ce50 JavaThread "Equinox resolver thread - Equinox Container: 61b24c55-4e46-4c56-b12b-fcfdaaa1bd9d" daemon [_thread_blocked, id=19672, stack(0x000000686e500000,0x000000686e600000)]
  0x0000025cb161d360 JavaThread "Equinox resolver thread - Equinox Container: 61b24c55-4e46-4c56-b12b-fcfdaaa1bd9d" daemon [_thread_blocked, id=11024, stack(0x000000686e600000,0x000000686e700000)]
  0x0000025cb1623390 JavaThread "Equinox resolver thread - Equinox Container: 61b24c55-4e46-4c56-b12b-fcfdaaa1bd9d" daemon [_thread_blocked, id=13220, stack(0x000000686e700000,0x000000686e800000)]
  0x0000025cb161c940 JavaThread "Equinox resolver thread - Equinox Container: 61b24c55-4e46-4c56-b12b-fcfdaaa1bd9d" daemon [_thread_blocked, id=8420, stack(0x000000686e800000,0x000000686e900000)]
  0x0000025cb161d870 JavaThread "Equinox resolver thread - Equinox Container: 61b24c55-4e46-4c56-b12b-fcfdaaa1bd9d" daemon [_thread_blocked, id=3580, stack(0x000000686e900000,0x000000686ea00000)]

Other Threads:
  0x0000025caf3b4870 VMThread "VM Thread" [stack: 0x000000686c500000,0x000000686c600000] [id=13232]
  0x0000025cb0ba8750 WatcherThread [stack: 0x000000686d100000,0x000000686d200000] [id=3344]
  0x0000025c96469620 GCTaskThread "GC Thread#0" [stack: 0x000000686c400000,0x000000686c500000] [id=8020]
  0x0000025cb1099870 GCTaskThread "GC Thread#1" [stack: 0x000000686d300000,0x000000686d400000] [id=13444]
  0x0000025cb0eb69f0 GCTaskThread "GC Thread#2" [stack: 0x000000686d400000,0x000000686d500000] [id=21100]
  0x0000025cb0eb6cb0 GCTaskThread "GC Thread#3" [stack: 0x000000686d500000,0x000000686d600000] [id=15140]
  0x0000025cb0eb6f70 GCTaskThread "GC Thread#4" [stack: 0x000000686d600000,0x000000686d700000] [id=6016]
  0x0000025cb0eb7230 GCTaskThread "GC Thread#5" [stack: 0x000000686d700000,0x000000686d800000] [id=17236]
  0x0000025cb12885c0 GCTaskThread "GC Thread#6" [stack: 0x000000686e200000,0x000000686e300000] [id=12704]
  0x0000025cb1288880 GCTaskThread "GC Thread#7" [stack: 0x000000686e300000,0x000000686e400000] [id=22556]

Threads with active compile tasks:
C1 CompilerThread0     9224 1985   !   3       org.eclipse.osgi.storage.bundlefile.CloseableBundleFile::internalOpen (112 bytes)
C2 CompilerThread1     9224 1840       4       org.apache.felix.resolver.ResolverImpl::mergeUses (495 bytes)

VM state: not at safepoint (normal execution)

VM Mutex/Monitor currently owned by a thread: None

Heap address: 0x00000000c0000000, size: 1024 MB, Compressed Oops mode: 32-bit

CDS archive(s) not mapped
Compressed class space mapped at: 0x0000000100000000-0x0000000140000000, reserved size: 1073741824
Narrow klass base: 0x0000000000000000, Narrow klass shift: 3, Narrow klass range: 0x140000000

GC Precious Log:
 CPUs: 12 total, 12 available
 Memory: 16239M
 Large Page Support: Disabled
 NUMA Support: Disabled
 Compressed Oops: Enabled (32-bit)
 Alignments: Space 512K, Generation 512K, Heap 2M
 Heap Min Capacity: 100M
 Heap Initial Capacity: 100M
 Heap Max Capacity: 1G
 Pre-touch: Disabled
 Parallel Workers: 10

Heap:
 PSYoungGen      total 29696K, used 25898K [0x00000000eab00000, 0x00000000ecc00000, 0x0000000100000000)
  eden space 25600K, 85% used [0x00000000eab00000,0x00000000ec051438,0x00000000ec400000)
  from space 4096K, 99% used [0x00000000ec800000,0x00000000ecbf94c8,0x00000000ecc00000)
  to   space 4096K, 0% used [0x00000000ec400000,0x00000000ec400000,0x00000000ec800000)
 ParOldGen       total 68608K, used 772K [0x00000000c0000000, 0x00000000c4300000, 0x00000000eab00000)
  object space 68608K, 1% used [0x00000000c0000000,0x00000000c00c1350,0x00000000c4300000)
 Metaspace       used 15022K, committed 15232K, reserved 1114112K
  class space    used 1502K, committed 1600K, reserved 1048576K

Card table byte_map: [0x0000025c95e00000,0x0000025c96010000] _byte_map_base: 0x0000025c95800000

Marking Bits: (ParMarkBitMap*) 0x00007ffd870c58b0
 Begin Bits: [0x0000025ca80e0000, 0x0000025ca90e0000)
 End Bits:   [0x0000025ca90e0000, 0x0000025caa0e0000)

Polling page: 0x0000025c943d0000

Metaspace:

Usage:
  Non-class:     13.20 MB used.
      Class:      1.47 MB used.
       Both:     14.67 MB used.

Virtual space:
  Non-class space:       64.00 MB reserved,      13.31 MB ( 21%) committed,  1 nodes.
      Class space:        1.00 GB reserved,       1.56 MB ( <1%) committed,  1 nodes.
             Both:        1.06 GB reserved,      14.88 MB (  1%) committed. 

Chunk freelists:
   Non-Class:  2.53 MB
       Class:  14.37 MB
        Both:  16.90 MB

MaxMetaspaceSize: unlimited
CompressedClassSpaceSize: 1.00 GB
Initial GC threshold: 21.00 MB
Current GC threshold: 21.00 MB
CDS: off
MetaspaceReclaimPolicy: balanced
 - commit_granule_bytes: 65536.
 - commit_granule_words: 8192.
 - virtual_space_node_default_size: 8388608.
 - enlarge_chunks_in_place: 1.
 - new_chunks_are_fully_committed: 0.
 - uncommit_free_chunks: 1.
 - use_allocation_guard: 0.
 - handle_deallocations: 1.


Internal statistics:

num_allocs_failed_limit: 0.
num_arena_births: 62.
num_arena_deaths: 0.
num_vsnodes_births: 2.
num_vsnodes_deaths: 0.
num_space_committed: 238.
num_space_uncommitted: 0.
num_chunks_returned_to_freelist: 0.
num_chunks_taken_from_freelist: 271.
num_chunk_merges: 0.
num_chunk_splits: 183.
num_chunks_enlarged: 145.
num_inconsistent_stats: 0.

CodeHeap 'non-profiled nmethods': size=120000Kb used=821Kb max_used=821Kb free=119178Kb
 bounds [0x0000025ca0bb0000, 0x0000025ca0e20000, 0x0000025ca80e0000]
CodeHeap 'profiled nmethods': size=120000Kb used=3800Kb max_used=3800Kb free=116199Kb
 bounds [0x0000025c990e0000, 0x0000025c994a0000, 0x0000025ca0610000]
CodeHeap 'non-nmethods': size=5760Kb used=1176Kb max_used=1198Kb free=4583Kb
 bounds [0x0000025ca0610000, 0x0000025ca0880000, 0x0000025ca0bb0000]
 total_blobs=2435 nmethods=1980 adapters=369
 compilation: enabled
              stopped_count=0, restarted_count=0
 full_count=0

Compilation events (20 events):
Event: 9.183 Thread 0x0000025caf3e06a0 nmethod 1917 0x0000025ca0c7ac90 code [0x0000025ca0c7ae00, 0x0000025ca0c7aef8]
Event: 9.183 Thread 0x0000025caf3e06a0 1952       4       sun.security.provider.SHA5::lf_ch (13 bytes)
Event: 9.183 Thread 0x0000025caf3f7410 nmethod 1968 0x0000025c99485b10 code [0x0000025c99485ca0, 0x0000025c99485e98]
Event: 9.183 Thread 0x0000025caf3f7410 1969   !   3       org.eclipse.osgi.internal.framework.BundleContextImpl::setContextFinder (77 bytes)
Event: 9.183 Thread 0x0000025caf3e06a0 nmethod 1952 0x0000025ca0c7b010 code [0x0000025ca0c7b180, 0x0000025ca0c7b1f8]
Event: 9.183 Thread 0x0000025caf3e06a0 1953       4       sun.security.provider.SHA5::lf_maj (14 bytes)
Event: 9.184 Thread 0x0000025caf3e06a0 nmethod 1953 0x0000025ca0c7b310 code [0x0000025ca0c7b480, 0x0000025ca0c7b4f8]
Event: 9.185 Thread 0x0000025caf3f7410 nmethod 1969 0x0000025c99485f90 code [0x0000025c99486280, 0x0000025c994874c8]
Event: 9.185 Thread 0x0000025caf3f7410 1970   !   3       org.eclipse.osgi.internal.framework.BundleContextImpl::dispatchEvent (558 bytes)
Event: 9.191 Thread 0x0000025caf3f7410 nmethod 1970 0x0000025c99487c10 code [0x0000025c994885a0, 0x0000025c9948d6c8]
Event: 9.191 Thread 0x0000025caf3f7410 1974       3       org.eclipse.osgi.container.Module$StartOptions::isContained (38 bytes)
Event: 9.192 Thread 0x0000025caf3f7410 nmethod 1974 0x0000025c99490310 code [0x0000025c994904c0, 0x0000025c994907d8]
Event: 9.192 Thread 0x0000025caf3f7410 1972       3       jdk.internal.misc.Unsafe::getAndAddInt (27 bytes)
Event: 9.192 Thread 0x0000025caf3f7410 nmethod 1972 0x0000025c99490910 code [0x0000025c99490ac0, 0x0000025c99490d08]
Event: 9.192 Thread 0x0000025caf3f7410 1975       3       org.eclipse.osgi.container.Module::checkValid (47 bytes)
Event: 9.194 Thread 0x0000025caf3f7410 nmethod 1975 0x0000025c99490e10 code [0x0000025c994910a0, 0x0000025c99491b28]
Event: 9.194 Thread 0x0000025caf3f7410 1971       1       org.osgi.framework.BundleEvent::getBundle (5 bytes)
Event: 9.194 Thread 0x0000025caf3f7410 nmethod 1971 0x0000025ca0c7ba10 code [0x0000025ca0c7bba0, 0x0000025ca0c7bc78]
Event: 9.194 Thread 0x0000025caf3f7410 1976       1       org.eclipse.osgi.storage.BundleInfo::getStorage (5 bytes)
Event: 9.194 Thread 0x0000025caf3f7410 nmethod 1976 0x0000025ca0c7bd10 code [0x0000025ca0c7bea0, 0x0000025ca0c7bf78]

GC Heap History (4 events):
Event: 1.705 GC heap before
{Heap before GC invocations=1 (full 0):
 PSYoungGen      total 29696K, used 25600K [0x00000000eab00000, 0x00000000ecc00000, 0x0000000100000000)
  eden space 25600K, 100% used [0x00000000eab00000,0x00000000ec400000,0x00000000ec400000)
  from space 4096K, 0% used [0x00000000ec800000,0x00000000ec800000,0x00000000ecc00000)
  to   space 4096K, 0% used [0x00000000ec400000,0x00000000ec400000,0x00000000ec800000)
 ParOldGen       total 68608K, used 0K [0x00000000c0000000, 0x00000000c4300000, 0x00000000eab00000)
  object space 68608K, 0% used [0x00000000c0000000,0x00000000c0000000,0x00000000c4300000)
 Metaspace       used 11074K, committed 11200K, reserved 1114112K
  class space    used 1103K, committed 1152K, reserved 1048576K
}
Event: 1.713 GC heap after
{Heap after GC invocations=1 (full 0):
 PSYoungGen      total 29696K, used 3133K [0x00000000eab00000, 0x00000000ecc00000, 0x0000000100000000)
  eden space 25600K, 0% used [0x00000000eab00000,0x00000000eab00000,0x00000000ec400000)
  from space 4096K, 76% used [0x00000000ec400000,0x00000000ec70f7a8,0x00000000ec800000)
  to   space 4096K, 0% used [0x00000000ec800000,0x00000000ec800000,0x00000000ecc00000)
 ParOldGen       total 68608K, used 16K [0x00000000c0000000, 0x00000000c4300000, 0x00000000eab00000)
  object space 68608K, 0% used [0x00000000c0000000,0x00000000c0004000,0x00000000c4300000)
 Metaspace       used 11074K, committed 11200K, reserved 1114112K
  class space    used 1103K, committed 1152K, reserved 1048576K
}
Event: 8.154 GC heap before
{Heap before GC invocations=2 (full 0):
 PSYoungGen      total 29696K, used 28733K [0x00000000eab00000, 0x00000000ecc00000, 0x0000000100000000)
  eden space 25600K, 100% used [0x00000000eab00000,0x00000000ec400000,0x00000000ec400000)
  from space 4096K, 76% used [0x00000000ec400000,0x00000000ec70f7a8,0x00000000ec800000)
  to   space 4096K, 0% used [0x00000000ec800000,0x00000000ec800000,0x00000000ecc00000)
 ParOldGen       total 68608K, used 16K [0x00000000c0000000, 0x00000000c4300000, 0x00000000eab00000)
  object space 68608K, 0% used [0x00000000c0000000,0x00000000c0004000,0x00000000c4300000)
 Metaspace       used 14110K, committed 14272K, reserved 1114112K
  class space    used 1411K, committed 1472K, reserved 1048576K
}
Event: 8.175 GC heap after
{Heap after GC invocations=2 (full 0):
 PSYoungGen      total 29696K, used 4069K [0x00000000eab00000, 0x00000000ecc00000, 0x0000000100000000)
  eden space 25600K, 0% used [0x00000000eab00000,0x00000000eab00000,0x00000000ec400000)
  from space 4096K, 99% used [0x00000000ec800000,0x00000000ecbf94c8,0x00000000ecc00000)
  to   space 4096K, 0% used [0x00000000ec400000,0x00000000ec400000,0x00000000ec800000)
 ParOldGen       total 68608K, used 772K [0x00000000c0000000, 0x00000000c4300000, 0x00000000eab00000)
  object space 68608K, 1% used [0x00000000c0000000,0x00000000c00c1350,0x00000000c4300000)
 Metaspace       used 14110K, committed 14272K, reserved 1114112K
  class space    used 1411K, committed 1472K, reserved 1048576K
}

Dll operation events (9 events):
Event: 0.042 Loaded shared library c:\Users\u-mdp\.vscode\extensions\redhat.java-1.35.0-win32-x64\jre\17.0.12-win32-x86_64\bin\java.dll
Event: 0.254 Loaded shared library c:\Users\u-mdp\.vscode\extensions\redhat.java-1.35.0-win32-x64\jre\17.0.12-win32-x86_64\bin\zip.dll
Event: 0.259 Loaded shared library C:\Users\u-mdp\.vscode\extensions\redhat.java-1.35.0-win32-x64\jre\17.0.12-win32-x86_64\bin\instrument.dll
Event: 0.279 Loaded shared library C:\Users\u-mdp\.vscode\extensions\redhat.java-1.35.0-win32-x64\jre\17.0.12-win32-x86_64\bin\net.dll
Event: 0.282 Loaded shared library C:\Users\u-mdp\.vscode\extensions\redhat.java-1.35.0-win32-x64\jre\17.0.12-win32-x86_64\bin\nio.dll
Event: 0.291 Loaded shared library C:\Users\u-mdp\.vscode\extensions\redhat.java-1.35.0-win32-x64\jre\17.0.12-win32-x86_64\bin\zip.dll
Event: 0.316 Loaded shared library C:\Users\u-mdp\.vscode\extensions\redhat.java-1.35.0-win32-x64\jre\17.0.12-win32-x86_64\bin\jimage.dll
Event: 0.444 Loaded shared library c:\Users\u-mdp\.vscode\extensions\redhat.java-1.35.0-win32-x64\jre\17.0.12-win32-x86_64\bin\verify.dll
Event: 8.341 Loaded shared library C:\Users\u-mdp\AppData\Roaming\Code\User\globalStorage\redhat.java\1.35.0\config_ss_win\org.eclipse.equinox.launcher\org.eclipse.equinox.launcher.win32.win32.x86_64_1.2.1100.v20240722-2106\eclipse_11904.dll

Deoptimization events (20 events):
Event: 8.651 Thread 0x0000025cb161c940 DEOPT PACKING pc=0x0000025ca0c60ecc sp=0x000000686e8fde60
Event: 8.651 Thread 0x0000025cb161c940 DEOPT UNPACKING pc=0x0000025ca0669ea3 sp=0x000000686e8fddd0 mode 2
Event: 8.651 Thread 0x0000025cb161c940 Uncommon trap: trap_request=0xffffffde fr.pc=0x0000025ca0c60dcc relative=0x0000000000000b2c
Event: 8.651 Thread 0x0000025cb161c940 Uncommon trap: reason=class_check action=maybe_recompile pc=0x0000025ca0c60dcc method=java.util.concurrent.ConcurrentHashMap.putVal(Ljava/lang/Object;Ljava/lang/Object;Z)Ljava/lang/Object; @ 159 c2
Event: 8.651 Thread 0x0000025cb161c940 DEOPT PACKING pc=0x0000025ca0c60dcc sp=0x000000686e8fdf80
Event: 8.651 Thread 0x0000025cb161c940 DEOPT UNPACKING pc=0x0000025ca0669ea3 sp=0x000000686e8fdf00 mode 2
Event: 8.651 Thread 0x0000025cb1623390 Uncommon trap: trap_request=0xffffff45 fr.pc=0x0000025ca0c60f74 relative=0x0000000000000cd4
Event: 8.651 Thread 0x0000025cb1623390 Uncommon trap: reason=unstable_if action=reinterpret pc=0x0000025ca0c60f74 method=java.util.concurrent.ConcurrentHashMap.addCount(JI)V @ 171 c2
Event: 8.651 Thread 0x0000025cb1623390 DEOPT PACKING pc=0x0000025ca0c60f74 sp=0x000000686e7ff2d0
Event: 8.651 Thread 0x0000025cb1623390 DEOPT UNPACKING pc=0x0000025ca0669ea3 sp=0x000000686e7ff190 mode 2
Event: 8.766 Thread 0x0000025cb161ba10 Uncommon trap: trap_request=0xffffff45 fr.pc=0x0000025ca0c0db60 relative=0x0000000000000240
Event: 8.766 Thread 0x0000025cb161ba10 Uncommon trap: reason=unstable_if action=reinterpret pc=0x0000025ca0c0db60 method=java.util.concurrent.ConcurrentHashMap.get(Ljava/lang/Object;)Ljava/lang/Object; @ 86 c2
Event: 8.766 Thread 0x0000025cb161ba10 DEOPT PACKING pc=0x0000025ca0c0db60 sp=0x000000686e4fde30
Event: 8.766 Thread 0x0000025cb161ba10 DEOPT UNPACKING pc=0x0000025ca0669ea3 sp=0x000000686e4fdda8 mode 2
Event: 9.081 Thread 0x0000025cb161ba10 DEOPT PACKING pc=0x0000025c991a1f8c sp=0x000000686e4fc7f0
Event: 9.081 Thread 0x0000025cb161ba10 DEOPT UNPACKING pc=0x0000025ca066a9e3 sp=0x000000686e4fbc70 mode 0
Event: 9.082 Thread 0x0000025cb161ba10 Uncommon trap: trap_request=0xffffff45 fr.pc=0x0000025ca0be5620 relative=0x0000000000000100
Event: 9.082 Thread 0x0000025cb161ba10 Uncommon trap: reason=unstable_if action=reinterpret pc=0x0000025ca0be5620 method=java.math.BigInteger.addOne([IIII)I @ 55 c2
Event: 9.082 Thread 0x0000025cb161ba10 DEOPT PACKING pc=0x0000025ca0be5620 sp=0x000000686e4fcc80
Event: 9.082 Thread 0x0000025cb161ba10 DEOPT UNPACKING pc=0x0000025ca0669ea3 sp=0x000000686e4fcc00 mode 2

Classes loaded (20 events):
Event: 9.060 Loading class java/util/Formatter$FixedString
Event: 9.061 Loading class java/util/Formatter$FormatString
Event: 9.061 Loading class java/util/Formatter$FormatString done
Event: 9.061 Loading class java/util/Formatter$FixedString done
Event: 9.061 Loading class java/util/Formatter$Conversion
Event: 9.061 Loading class java/util/Formatter$Conversion done
Event: 9.061 Loading class java/util/Formatter$FormatSpecifier
Event: 9.062 Loading class java/util/Formatter$FormatSpecifier done
Event: 9.062 Loading class java/util/Formatter$Flags
Event: 9.062 Loading class java/util/Formatter$Flags done
Event: 9.062 Loading class java/util/Formattable
Event: 9.062 Loading class java/util/Formattable done
Event: 9.068 Loading class sun/security/x509/SubjectAlternativeNameExtension
Event: 9.069 Loading class sun/security/x509/SubjectAlternativeNameExtension done
Event: 9.069 Loading class sun/security/x509/RFC822Name
Event: 9.070 Loading class sun/security/x509/RFC822Name done
Event: 9.188 Loading class java/util/concurrent/CountDownLatch
Event: 9.189 Loading class java/util/concurrent/CountDownLatch done
Event: 9.189 Loading class java/util/concurrent/CountDownLatch$Sync
Event: 9.189 Loading class java/util/concurrent/CountDownLatch$Sync done

Classes unloaded (0 events):
No events

Classes redefined (0 events):
No events

Internal exceptions (20 events):
Event: 1.169 Thread 0x0000025c96453980 Exception <a 'sun/nio/fs/WindowsException'{0x00000000eb906488}> (0x00000000eb906488) 
thrown [s\src\hotspot\share\prims\jni.cpp, line 516]
Event: 1.169 Thread 0x0000025c96453980 Exception <a 'sun/nio/fs/WindowsException'{0x00000000eb906c00}> (0x00000000eb906c00) 
thrown [s\src\hotspot\share\prims\jni.cpp, line 516]
Event: 1.563 Thread 0x0000025c96453980 Exception <a 'java/lang/ClassNotFoundException'{0x00000000ec1376d0}: sun/net/www/protocol/c/Handler> (0x00000000ec1376d0) 
thrown [s\src\hotspot\share\classfile\systemDictionary.cpp, line 256]
Event: 1.563 Thread 0x0000025c96453980 Exception <a 'java/lang/ClassNotFoundException'{0x00000000ec138a30}: sun/net/www/protocol/d/Handler> (0x00000000ec138a30) 
thrown [s\src\hotspot\share\classfile\systemDictionary.cpp, line 256]
Event: 1.563 Thread 0x0000025c96453980 Exception <a 'java/lang/ClassNotFoundException'{0x00000000ec139bd0}: sun/net/www/protocol/c/Handler> (0x00000000ec139bd0) 
thrown [s\src\hotspot\share\classfile\systemDictionary.cpp, line 256]
Event: 1.575 Thread 0x0000025c96453980 Exception <a 'java/io/FileNotFoundException'{0x00000000ec15d080}> (0x00000000ec15d080) 
thrown [s\src\hotspot\share\prims\jni.cpp, line 516]
Event: 1.645 Thread 0x0000025c96453980 Implicit null exception at 0x0000025ca0c09dfb to 0x0000025ca0c0a840
Event: 1.645 Thread 0x0000025c96453980 Implicit null exception at 0x0000025ca0bfd70c to 0x0000025ca0bfd940
Event: 1.645 Thread 0x0000025c96453980 Implicit null exception at 0x0000025ca0bf838c to 0x0000025ca0bf8598
Event: 1.645 Thread 0x0000025c96453980 Implicit null exception at 0x0000025ca0bf5f8f to 0x0000025ca0bf6005
Event: 1.725 Thread 0x0000025c96453980 Exception <a 'java/lang/NoSuchMethodError'{0x00000000eab38da8}: 'int java.lang.invoke.DirectMethodHandle$Holder.invokeStaticInit(java.lang.Object, java.lang.Object, java.lang.Object, java.lang.Object)'> (0x00000000eab38da8) 
thrown [s\src\hotspot\share\interpreter\linkResolver.cpp, line 759]
Event: 1.729 Thread 0x0000025c96453980 Exception <a 'java/lang/NoSuchMethodError'{0x00000000eab43510}: 'java.lang.Object java.lang.invoke.DirectMethodHandle$Holder.invokeInterface(java.lang.Object, java.lang.Object)'> (0x00000000eab43510) 
thrown [s\src\hotspot\share\interpreter\linkResolver.cpp, line 759]
Event: 1.730 Thread 0x0000025c96453980 Exception <a 'java/lang/IncompatibleClassChangeError'{0x00000000eab46d08}: Found class java.lang.Object, but interface was expected> (0x00000000eab46d08) 
thrown [s\src\hotspot\share\interpreter\linkResolver.cpp, line 826]
Event: 1.731 Thread 0x0000025c96453980 Exception <a 'java/lang/NoSuchMethodError'{0x00000000eab4b1e8}: 'void java.lang.invoke.DirectMethodHandle$Holder.invokeStatic(java.lang.Object, java.lang.Object)'> (0x00000000eab4b1e8) 
thrown [s\src\hotspot\share\interpreter\linkResolver.cpp, line 759]
Event: 1.732 Thread 0x0000025c96453980 Exception <a 'java/lang/NoSuchMethodError'{0x00000000eab4e9e8}: 'void java.lang.invoke.DirectMethodHandle$Holder.invokeStaticInit(java.lang.Object, java.lang.Object)'> (0x00000000eab4e9e8) 
thrown [s\src\hotspot\share\interpreter\linkResolver.cpp, line 759]
Event: 1.733 Thread 0x0000025c96453980 Exception <a 'java/lang/NoSuchMethodError'{0x00000000eab560c8}: 'int java.lang.invoke.DirectMethodHandle$Holder.invokeStaticInit(java.lang.Object, java.lang.Object)'> (0x00000000eab560c8) 
thrown [s\src\hotspot\share\interpreter\linkResolver.cpp, line 759]
Event: 2.168 Thread 0x0000025c96453980 Exception <a 'java/lang/NoSuchMethodError'{0x00000000eb6a1910}: 'int java.lang.invoke.DirectMethodHandle$Holder.invokeSpecial(java.lang.Object, java.lang.Object, java.lang.Object)'> (0x00000000eb6a1910) 
thrown [s\src\hotspot\share\interpreter\linkResolver.cpp, line 759]
Event: 2.314 Thread 0x0000025c96453980 Exception <a 'java/lang/NoSuchMethodError'{0x00000000ebc59150}: 'java.lang.Object java.lang.invoke.DirectMethodHandle$Holder.newInvokeSpecial(java.lang.Object, int, java.lang.Object)'> (0x00000000ebc59150) 
thrown [s\src\hotspot\share\interpreter\linkResolver.cpp, line 759]
Event: 8.330 Thread 0x0000025c96453980 Exception <a 'java/lang/UnsatisfiedLinkError'{0x00000000eb449bb0}: 'void org.eclipse.equinox.launcher.JNIBridge._update_splash()'> (0x00000000eb449bb0) 
thrown [s\src\hotspot\share\prims\nativeLookup.cpp, line 543]
Event: 8.406 Thread 0x0000025cb161ba10 Exception <a 'java/lang/NoSuchMethodError'{0x00000000eb4af3e8}: 'java.lang.Object java.lang.invoke.Invokers$Holder.invokeExact_MT(java.lang.Object, java.lang.Object, java.lang.Object, java.lang.Object, java.lang.Object, java.lang.Object)'> (0x00000000eb4af3e8) 
thrown [s\src\hotspot\share\interpreter\linkResolver.cpp, line 759]

VM Operations (20 events):
Event: 1.534 Executing VM operation: HandshakeAllThreads
Event: 1.534 Executing VM operation: HandshakeAllThreads done
Event: 1.534 Executing VM operation: Cleanup
Event: 1.534 Executing VM operation: Cleanup done
Event: 1.705 Executing VM operation: ParallelGCFailedAllocation
Event: 1.713 Executing VM operation: ParallelGCFailedAllocation done
Event: 2.273 Executing VM operation: HandshakeAllThreads
Event: 2.273 Executing VM operation: HandshakeAllThreads done
Event: 2.273 Executing VM operation: HandshakeAllThreads
Event: 2.274 Executing VM operation: HandshakeAllThreads done
Event: 3.284 Executing VM operation: Cleanup
Event: 3.285 Executing VM operation: Cleanup done
Event: 8.154 Executing VM operation: ParallelGCFailedAllocation
Event: 8.183 Executing VM operation: ParallelGCFailedAllocation done
Event: 8.396 Executing VM operation: HandshakeAllThreads
Event: 8.396 Executing VM operation: HandshakeAllThreads done
Event: 8.538 Executing VM operation: HandshakeAllThreads
Event: 8.538 Executing VM operation: HandshakeAllThreads done
Event: 9.054 Executing VM operation: HandshakeAllThreads
Event: 9.054 Executing VM operation: HandshakeAllThreads done

Events (20 events):
Event: 2.203 Thread 0x0000025caf48e790 Thread added: 0x0000025caf48e790
Event: 2.209 Thread 0x0000025caf48f1b0 Thread added: 0x0000025caf48f1b0
Event: 2.210 Thread 0x0000025caf48f6c0 Thread added: 0x0000025caf48f6c0
Event: 2.212 Thread 0x0000025caf48c930 Thread added: 0x0000025caf48c930
Event: 2.247 Thread 0x0000025caf48ce40 Thread added: 0x0000025caf48ce40
Event: 2.551 Thread 0x0000025cb1052790 Thread exited: 0x0000025cb1052790
Event: 8.070 Thread 0x0000025caf48eca0 Thread added: 0x0000025caf48eca0
Event: 8.072 Thread 0x0000025caf48d860 Thread added: 0x0000025caf48d860
Event: 8.096 Thread 0x0000025cb14e8c40 Thread added: 0x0000025cb14e8c40
Event: 8.118 Thread 0x0000025cb0d95520 Thread added: 0x0000025cb0d95520
Event: 8.329 Thread 0x0000025cb161ba10 Thread added: 0x0000025cb161ba10
Event: 8.500 Thread 0x0000025cb0d95520 Thread exited: 0x0000025cb0d95520
Event: 8.649 Thread 0x0000025cb161c430 Thread added: 0x0000025cb161c430
Event: 8.649 Thread 0x0000025cb161ce50 Thread added: 0x0000025cb161ce50
Event: 8.649 Thread 0x0000025cb161d360 Thread added: 0x0000025cb161d360
Event: 8.650 Thread 0x0000025cb1623390 Thread added: 0x0000025cb1623390
Event: 8.650 Thread 0x0000025cb161c940 Thread added: 0x0000025cb161c940
Event: 8.650 Thread 0x0000025cb161d870 Thread added: 0x0000025cb161d870
Event: 8.767 Thread 0x0000025cb12df510 Thread added: 0x0000025cb12df510
Event: 8.902 Thread 0x0000025cb12df510 Thread exited: 0x0000025cb12df510


Dynamic libraries:
0x00007ff676040000 - 0x00007ff67604e000 	c:\Users\u-mdp\.vscode\extensions\redhat.java-1.35.0-win32-x64\jre\17.0.12-win32-x86_64\bin\java.exe
0x00007ffdfbc50000 - 0x00007ffdfbe67000 	C:\WINDOWS\SYSTEM32\ntdll.dll
0x00007ffdf9c00000 - 0x00007ffdf9cc4000 	C:\WINDOWS\System32\KERNEL32.DLL
0x00007ffdf9200000 - 0x00007ffdf95ad000 	C:\WINDOWS\System32\KERNELBASE.dll
0x00007ffdf96c0000 - 0x00007ffdf97d1000 	C:\WINDOWS\System32\ucrtbase.dll
0x00007ffddfa50000 - 0x00007ffddfa67000 	c:\Users\u-mdp\.vscode\extensions\redhat.java-1.35.0-win32-x64\jre\17.0.12-win32-x86_64\bin\jli.dll
0x00007ffdf9fc0000 - 0x00007ffdfa16e000 	C:\WINDOWS\System32\USER32.dll
0x00007ffdf9950000 - 0x00007ffdf9976000 	C:\WINDOWS\System32\win32u.dll
0x00007ffdf9d10000 - 0x00007ffdf9d39000 	C:\WINDOWS\System32\GDI32.dll
0x00007ffdf90e0000 - 0x00007ffdf91f9000 	C:\WINDOWS\System32\gdi32full.dll
0x00007ffdf9620000 - 0x00007ffdf96ba000 	C:\WINDOWS\System32\msvcp_win.dll
0x00007ffddfa30000 - 0x00007ffddfa4b000 	c:\Users\u-mdp\.vscode\extensions\redhat.java-1.35.0-win32-x64\jre\17.0.12-win32-x86_64\bin\VCRUNTIME140.dll
0x00007ffdea4d0000 - 0x00007ffdea763000 	C:\WINDOWS\WinSxS\amd64_microsoft.windows.common-controls_6595b64144ccf1df_6.0.22621.3672_none_2713b9d173822955\COMCTL32.dll
0x00007ffdf9da0000 - 0x00007ffdf9e47000 	C:\WINDOWS\System32\msvcrt.dll
0x00007ffdf9cd0000 - 0x00007ffdf9d01000 	C:\WINDOWS\System32\IMM32.DLL
0x00007ffdf5a00000 - 0x00007ffdf5a0c000 	c:\Users\u-mdp\.vscode\extensions\redhat.java-1.35.0-win32-x64\jre\17.0.12-win32-x86_64\bin\vcruntime140_1.dll
0x00007ffdd6920000 - 0x00007ffdd69ad000 	c:\Users\u-mdp\.vscode\extensions\redhat.java-1.35.0-win32-x64\jre\17.0.12-win32-x86_64\bin\msvcp140.dll
0x00007ffd86520000 - 0x00007ffd8718a000 	c:\Users\u-mdp\.vscode\extensions\redhat.java-1.35.0-win32-x64\jre\17.0.12-win32-x86_64\bin\server\jvm.dll
0x00007ffdfb790000 - 0x00007ffdfb842000 	C:\WINDOWS\System32\ADVAPI32.dll
0x00007ffdfa1f0000 - 0x00007ffdfa299000 	C:\WINDOWS\System32\sechost.dll
0x00007ffdf9860000 - 0x00007ffdf9888000 	C:\WINDOWS\System32\bcrypt.dll
0x00007ffdf9980000 - 0x00007ffdf9a94000 	C:\WINDOWS\System32\RPCRT4.dll
0x00007ffdfa170000 - 0x00007ffdfa1e1000 	C:\WINDOWS\System32\WS2_32.dll
0x00007ffdf7de0000 - 0x00007ffdf7e2d000 	C:\WINDOWS\SYSTEM32\POWRPROF.dll
0x00007ffdedd80000 - 0x00007ffdeddb4000 	C:\WINDOWS\SYSTEM32\WINMM.dll
0x00007ffdf1b40000 - 0x00007ffdf1b4a000 	C:\WINDOWS\SYSTEM32\VERSION.dll
0x00007ffdf7dc0000 - 0x00007ffdf7dd3000 	C:\WINDOWS\SYSTEM32\UMPDC.dll
0x00007ffdf8070000 - 0x00007ffdf8088000 	C:\WINDOWS\SYSTEM32\kernel.appcore.dll
0x00007ffdec5a0000 - 0x00007ffdec5aa000 	c:\Users\u-mdp\.vscode\extensions\redhat.java-1.35.0-win32-x64\jre\17.0.12-win32-x86_64\bin\jimage.dll
0x00007ffdea240000 - 0x00007ffdea472000 	C:\WINDOWS\SYSTEM32\DBGHELP.DLL
0x00007ffdfb880000 - 0x00007ffdfbc0e000 	C:\WINDOWS\System32\combase.dll
0x00007ffdfb020000 - 0x00007ffdfb0f7000 	C:\WINDOWS\System32\OLEAUT32.dll
0x00007ffde9170000 - 0x00007ffde91a2000 	C:\WINDOWS\SYSTEM32\dbgcore.DLL
0x00007ffdf97e0000 - 0x00007ffdf985b000 	C:\WINDOWS\System32\bcryptPrimitives.dll
0x00007ffdebe30000 - 0x00007ffdebe3e000 	c:\Users\u-mdp\.vscode\extensions\redhat.java-1.35.0-win32-x64\jre\17.0.12-win32-x86_64\bin\instrument.dll
0x00007ffdd68f0000 - 0x00007ffdd6915000 	c:\Users\u-mdp\.vscode\extensions\redhat.java-1.35.0-win32-x64\jre\17.0.12-win32-x86_64\bin\java.dll
0x00007ffddb1a0000 - 0x00007ffddb1b8000 	c:\Users\u-mdp\.vscode\extensions\redhat.java-1.35.0-win32-x64\jre\17.0.12-win32-x86_64\bin\zip.dll
0x00007ffdfa5b0000 - 0x00007ffdfae17000 	C:\WINDOWS\System32\SHELL32.dll
0x00007ffdf6eb0000 - 0x00007ffdf77af000 	C:\WINDOWS\SYSTEM32\windows.storage.dll
0x00007ffdf6d70000 - 0x00007ffdf6eaf000 	C:\WINDOWS\SYSTEM32\wintypes.dll
0x00007ffdfb580000 - 0x00007ffdfb679000 	C:\WINDOWS\System32\SHCORE.dll
0x00007ffdf9f60000 - 0x00007ffdf9fbe000 	C:\WINDOWS\System32\shlwapi.dll
0x00007ffdf8ea0000 - 0x00007ffdf8ec7000 	C:\WINDOWS\SYSTEM32\profapi.dll
0x00007ffdd55b0000 - 0x00007ffdd55c9000 	C:\Users\u-mdp\.vscode\extensions\redhat.java-1.35.0-win32-x64\jre\17.0.12-win32-x86_64\bin\net.dll
0x00007ffdf5c30000 - 0x00007ffdf5d66000 	C:\WINDOWS\SYSTEM32\WINHTTP.dll
0x00007ffdf84d0000 - 0x00007ffdf8539000 	C:\WINDOWS\system32\mswsock.dll
0x00007ffdd4110000 - 0x00007ffdd4126000 	C:\Users\u-mdp\.vscode\extensions\redhat.java-1.35.0-win32-x64\jre\17.0.12-win32-x86_64\bin\nio.dll
0x00007ffdeb6b0000 - 0x00007ffdeb6c0000 	c:\Users\u-mdp\.vscode\extensions\redhat.java-1.35.0-win32-x64\jre\17.0.12-win32-x86_64\bin\verify.dll
0x00007ffdb84c0000 - 0x00007ffdb8505000 	C:\Users\u-mdp\AppData\Roaming\Code\User\globalStorage\redhat.java\1.35.0\config_ss_win\org.eclipse.equinox.launcher\org.eclipse.equinox.launcher.win32.win32.x86_64_1.2.1100.v20240722-2106\eclipse_11904.dll
0x00007ffdfa400000 - 0x00007ffdfa5a5000 	C:\WINDOWS\System32\ole32.dll

dbghelp: loaded successfully - version: 4.0.5 - missing functions: none
symbol engine: initialized successfully - sym options: 0x614 - pdb path: .;c:\Users\u-mdp\.vscode\extensions\redhat.java-1.35.0-win32-x64\jre\17.0.12-win32-x86_64\bin;C:\WINDOWS\SYSTEM32;C:\WINDOWS\WinSxS\amd64_microsoft.windows.common-controls_6595b64144ccf1df_6.0.22621.3672_none_2713b9d173822955;c:\Users\u-mdp\.vscode\extensions\redhat.java-1.35.0-win32-x64\jre\17.0.12-win32-x86_64\bin\server;C:\Users\u-mdp\AppData\Roaming\Code\User\globalStorage\redhat.java\1.35.0\config_ss_win\org.eclipse.equinox.launcher\org.eclipse.equinox.launcher.win32.win32.x86_64_1.2.1100.v20240722-2106

VM Arguments:
jvm_args: --add-modules=ALL-SYSTEM --add-opens=java.base/java.util=ALL-UNNAMED --add-opens=java.base/java.lang=ALL-UNNAMED --add-opens=java.base/sun.nio.fs=ALL-UNNAMED -Declipse.application=org.eclipse.jdt.ls.core.id1 -Dosgi.bundles.defaultStartLevel=4 -Declipse.product=org.eclipse.jdt.ls.core.product -Djava.import.generatesMetadataFilesAtProjectRoot=false -DDetectVMInstallationsJob.disabled=true -Dfile.encoding=utf8 -XX:+UseParallelGC -XX:GCTimeRatio=4 -XX:AdaptiveSizePolicyWeight=90 -Dsun.zip.disableMemoryMapping=true -Xmx1G -Xms100m -Xlog:disable -javaagent:c:\Users\u-mdp\.vscode\extensions\redhat.java-1.35.0-win32-x64\lombok\lombok-1.18.33.jar 
java_command: c:\Users\u-mdp\.vscode\extensions\redhat.java-1.35.0-win32-x64\server\plugins\org.eclipse.equinox.launcher_1.6.900.v20240613-2009.jar -configuration c:\Users\u-mdp\AppData\Roaming\Code\User\globalStorage\redhat.java\1.35.0\config_ss_win -data c:\Users\u-mdp\AppData\Roaming\Code\User\workspaceStorage\2d7e5db4128b44857ea5253ec642e61d\redhat.java\ss_ws --pipe=\\.\pipe\lsp-2d9e5d455c3243b253ff97180685860a-sock
java_class_path (initial): c:\Users\u-mdp\.vscode\extensions\redhat.java-1.35.0-win32-x64\server\plugins\org.eclipse.equinox.launcher_1.6.900.v20240613-2009.jar
Launcher Type: SUN_STANDARD

[Global flags]
    uintx AdaptiveSizePolicyWeight                 = 90                                        {product} {command line}
     intx CICompilerCount                          = 4                                         {product} {ergonomic}
    uintx GCTimeRatio                              = 4                                         {product} {command line}
   size_t InitialHeapSize                          = 104857600                                 {product} {command line}
   size_t MaxHeapSize                              = 1073741824                                {product} {command line}
   size_t MaxNewSize                               = 357564416                                 {product} {ergonomic}
   size_t MinHeapDeltaBytes                        = 524288                                    {product} {ergonomic}
   size_t MinHeapSize                              = 104857600                                 {product} {command line}
   size_t NewSize                                  = 34603008                                  {product} {ergonomic}
    uintx NonNMethodCodeHeapSize                   = 5839372                                {pd product} {ergonomic}
    uintx NonProfiledCodeHeapSize                  = 122909434                              {pd product} {ergonomic}
   size_t OldSize                                  = 70254592                                  {product} {ergonomic}
    uintx ProfiledCodeHeapSize                     = 122909434                              {pd product} {ergonomic}
    uintx ReservedCodeCacheSize                    = 251658240                              {pd product} {ergonomic}
     bool SegmentedCodeCache                       = true                                      {product} {ergonomic}
   size_t SoftMaxHeapSize                          = 1073741824                             {manageable} {ergonomic}
     bool UseCompressedClassPointers               = true                           {product lp64_product} {ergonomic}
     bool UseCompressedOops                        = true                           {product lp64_product} {ergonomic}
     bool UseLargePagesIndividualAllocation        = false                                  {pd product} {ergonomic}
     bool UseParallelGC                            = true                                      {product} {command line}

Logging:
Log output configuration:
 #0: stdout all=off uptime,level,tags
 #1: stderr all=off uptime,level,tags

Environment Variables:
PATH=C:\Program Files (x86)\Common Files\Intel\Shared Libraries\redist\intel64\compiler;C:\Program Files\Java\jdk-21\bin;C:\Program Files\Python39\Scripts\;C:\Program Files\Python39\;C:\Windows\system32;C:\Windows;C:\Windows\System32\Wbem;C:\Windows\System32\WindowsPowerShell\v1.0\;C:\Windows\System32\OpenSSH\;C:\Program Files\Microsoft VS Code\bin;C:\Program Files\Microsoft SQL Server\130\Tools\Binn\;C:\xampp\php;C:\ProgramData\ComposerSetup\bin;C:\Program Files (x86)\Microsoft SQL Server\110\DTS\Binn\;C:\Program Files (x86)\Microsoft SQL Server\110\Tools\Binn\;C:\Program Files (x86)\Microsoft SQL Server\110\Tools\Binn\ManagementStudio\;C:\Program Files (x86)\Microsoft Visual Studio 10.0\Common7\IDE\PrivateAssemblies\;C:\Program Files (x86)\NVIDIA Corporation\PhysX\Common;C:\Program Files\NVIDIA Corporation\NVIDIA NvDLISR;C:\xampp\mysql\bin;C:\Users\u-mdp\AppData\Roaming\nvm;C:\Program Files\nodejs;C:\Program Files\nodejs\;C:\Program Files\MATLAB\R2022b\runtime\win64;C:\Program Files\MATLAB\R2022b\bin;C:\Program Files\Microsoft SQL Server\150\Tools\Binn\;C:\WINDOWS\system32;C:\WINDOWS;C:\WINDOWS\System32\Wbem;C:\WINDOWS\System32\WindowsPowerShell\v1.0\;C:\WINDOWS\System32\OpenSSH\;C:\Program Files\Docker\Docker\resources\bin;C:\Program Files\Git\cmd;C:\Program Files\dotnet\;C:\Users\u-mdp\.pyenv\pyenv-win\bin;C:\Users\u-mdp\.pyenv\pyenv-win\shims;C:\Program Files\MySQL\MySQL Shell 8.0\bin\;C:\Users\u-mdp\AppData\Local\Programs\Python\Python311\Scripts\;C:\Users\u-mdp\AppData\Local\Programs\Python\Python311\;C:\Users\u-mdp\AppData\Local\Microsoft\WindowsApps;C:\Program Files\JetBrains\IntelliJ IDEA Community Edition 2021.3\bin;C:\Users\u-mdp\AppData\Local\GitHubDesktop\bin;C:\Users\u-mdp\AppData\Roaming\Composer\vendor\bin;C:\Users\u-mdp\AppData\Roaming\nvm;C:\Program Files\nodejs;C:\Users\u-mdp\AppData\Roaming\npm;C:\Users\u-mdp\flutter\bin;C:\Users\u-mdp\.dotnet\tools;C:\Users\u-mdp\.dotnet\tools;C:\Program Files\JetBrains\IntelliJ IDEA Community Edition 2024.1.4\bin
USERNAME=u-mdp
OS=Windows_NT
PROCESSOR_IDENTIFIER=Intel64 Family 6 Model 167 Stepping 1, GenuineIntel
TMP=C:\Users\u-mdp\AppData\Local\Temp
TEMP=C:\Users\u-mdp\AppData\Local\Temp



Periodic native trim disabled


---------------  S Y S T E M  ---------------

OS:
 Windows 11 , 64 bit Build 22621 (10.0.22621.3958)
OS uptime: 13 days 16:14 hours
Hyper-V role detected

CPU: total 12 (initial active 12) (6 cores per cpu, 2 threads per core) family 6 model 167 stepping 1 microcode 0x3c, cx8, cmov, fxsr, ht, mmx, 3dnowpref, sse, sse2, sse3, ssse3, sse4.1, sse4.2, popcnt, lzcnt, tsc, tscinvbit, avx, avx2, aes, erms, clmul, bmi1, bmi2, adx, avx512f, avx512dq, avx512cd, avx512bw, avx512vl, sha, fma, vzeroupper, avx512_vpopcntdq, avx512_vpclmulqdq, avx512_vaes, avx512_vnni, clflush, clflushopt, avx512_vbmi2, avx512_vbmi, hv
Processor Information for all 12 processors :
  Max Mhz: 2592, Current Mhz: 2592, Mhz Limit: 2592

Memory: 4k page, system-wide physical 16239M (6645M free)
TotalPageFile size 65391M (AvailPageFile size 5M)
current process WorkingSet (physical memory assigned to process): 105M, peak: 105M
current process commit charge ("private bytes"): 227M, peak: 228M

vm_info: OpenJDK 64-Bit Server VM (17.0.12+7) for windows-amd64 JRE (17.0.12+7), built on Jul 16 2024 22:08:24 by "admin" with MS VC++ 16.10 / 16.11 (VS2019)

END.
